<?xml version="1.1" encoding="UTF-8"?>
<?totaltestVersion 20.4.1.v20200918-0303_109?>
<!--Topaz for Total Test 20.4.1.v20200918-0303_109 25 May 2021 5:57:33 PM-->
<testsuites>
  <testsuite errors="0" failures="1" name="Unit Test.CWXTCOB_Scenario.00001: CWXTCOBCase1" tests="3">
    <testcase classname="Unit Test.CWXTCOB_Scenario.00001: CWXTCOBCase1" name="00001: Check for RETURN_CODE"/>
    <testcase classname="Unit Test.CWXTCOB_Scenario.00001: CWXTCOBCase1" name="00002: Check for PARM_LTH"/>
    <testcase classname="Unit Test.CWXTCOB_Scenario.00001: CWXTCOBCase1" name="00003: Check for PARM_DATA">
      <failure>Check for PARM_DATA failed

Actual Value:    00003

Expected Value:  00001</failure>
    </testcase>
  </testsuite>
  <testsuite errors="0" failures="0" name="Unit Test.CWXTCOB_Scenario.00001: CWXTCOBCase1.CWXTCOB_CWXTDATE_01.00001: CWXTDATE assertion" tests="6">
    <testcase classname="Unit Test.CWXTCOB_Scenario.00001: CWXTCOBCase1.CWXTCOB_CWXTDATE_01.00001: CWXTDATE assertion" name="00001: Check for END_OF_MONTH_SW"/>
    <testcase classname="Unit Test.CWXTCOB_Scenario.00001: CWXTCOBCase1.CWXTCOB_CWXTDATE_01.00001: CWXTDATE assertion" name="00002: Check for YRS_OF_SERVICE"/>
    <testcase classname="Unit Test.CWXTCOB_Scenario.00001: CWXTCOBCase1.CWXTCOB_CWXTDATE_01.00001: CWXTDATE assertion" name="00003: Check for TODAYS_DATE"/>
    <testcase classname="Unit Test.CWXTCOB_Scenario.00001: CWXTCOBCase1.CWXTCOB_CWXTDATE_01.00001: CWXTDATE assertion" name="00004: Check for WA_EMP_HIRE_YY"/>
    <testcase classname="Unit Test.CWXTCOB_Scenario.00001: CWXTCOBCase1.CWXTCOB_CWXTDATE_01.00001: CWXTDATE assertion" name="00005: Check for WA_EMP_HIRE_MM"/>
    <testcase classname="Unit Test.CWXTCOB_Scenario.00001: CWXTCOBCase1.CWXTCOB_CWXTDATE_01.00001: CWXTDATE assertion" name="00006: Check for WA_EMP_HIRE_DD"/>
  </testsuite>
  <testsuite errors="0" failures="3" name="Unit Test.CWXTCOB_Scenario.00001: CWXTCOBCase1.CWXTCOB_CWXTDATE_01.00002: CWXTDATE assertion" tests="6">
    <testcase classname="Unit Test.CWXTCOB_Scenario.00001: CWXTCOBCase1.CWXTCOB_CWXTDATE_01.00002: CWXTDATE assertion" name="00001: Check for END_OF_MONTH_SW"/>
    <testcase classname="Unit Test.CWXTCOB_Scenario.00001: CWXTCOBCase1.CWXTCOB_CWXTDATE_01.00002: CWXTDATE assertion" name="00002: Check for YRS_OF_SERVICE"/>
    <testcase classname="Unit Test.CWXTCOB_Scenario.00001: CWXTCOBCase1.CWXTCOB_CWXTDATE_01.00002: CWXTDATE assertion" name="00003: Check for TODAYS_DATE"/>
    <testcase classname="Unit Test.CWXTCOB_Scenario.00001: CWXTCOBCase1.CWXTCOB_CWXTDATE_01.00002: CWXTDATE assertion" name="00004: Check for WA_EMP_HIRE_YY">
      <failure>Check for WA_EMP_HIRE_YY failed

Actual Value:    81

Expected Value:  84</failure>
    </testcase>
    <testcase classname="Unit Test.CWXTCOB_Scenario.00001: CWXTCOBCase1.CWXTCOB_CWXTDATE_01.00002: CWXTDATE assertion" name="00005: Check for WA_EMP_HIRE_MM">
      <failure>Check for WA_EMP_HIRE_MM failed

Actual Value:    10

Expected Value:  6</failure>
    </testcase>
    <testcase classname="Unit Test.CWXTCOB_Scenario.00001: CWXTCOBCase1.CWXTCOB_CWXTDATE_01.00002: CWXTDATE assertion" name="00006: Check for WA_EMP_HIRE_DD">
      <failure>Check for WA_EMP_HIRE_DD failed

Actual Value:    15

Expected Value:  25</failure>
    </testcase>
  </testsuite>
  <testsuite errors="0" failures="6" name="Unit Test.CWXTCOB_Scenario.00001: CWXTCOBCase1.CWXTCOB_CWXTDATE_01.00003: CWXTDATE assertion" tests="6">
    <testcase classname="Unit Test.CWXTCOB_Scenario.00001: CWXTCOBCase1.CWXTCOB_CWXTDATE_01.00003: CWXTDATE assertion" name="00001: Check for END_OF_MONTH_SW"/>
    <testcase classname="Unit Test.CWXTCOB_Scenario.00001: CWXTCOBCase1.CWXTCOB_CWXTDATE_01.00003: CWXTDATE assertion" name="00002: Check for YRS_OF_SERVICE"/>
    <testcase classname="Unit Test.CWXTCOB_Scenario.00001: CWXTCOBCase1.CWXTCOB_CWXTDATE_01.00003: CWXTDATE assertion" name="00003: Check for TODAYS_DATE"/>
    <testcase classname="Unit Test.CWXTCOB_Scenario.00001: CWXTCOBCase1.CWXTCOB_CWXTDATE_01.00003: CWXTDATE assertion" name="00004: Check for WA_EMP_HIRE_YY">
      <failure>Check for WA_EMP_HIRE_YY failed

Actual Value:    92

Expected Value:  79</failure>
    </testcase>
    <testcase classname="Unit Test.CWXTCOB_Scenario.00001: CWXTCOBCase1.CWXTCOB_CWXTDATE_01.00003: CWXTDATE assertion" name="00005: Check for WA_EMP_HIRE_MM">
      <failure>Check for WA_EMP_HIRE_MM failed

Actual Value:    12

Expected Value:  1</failure>
    </testcase>
    <testcase classname="Unit Test.CWXTCOB_Scenario.00001: CWXTCOBCase1.CWXTCOB_CWXTDATE_01.00003: CWXTDATE assertion" name="00006: Check for WA_EMP_HIRE_DD">
      <failure>Check for WA_EMP_HIRE_DD failed

Actual Value:    31

Expected Value:  30</failure>
    </testcase>
  </testsuite>
  <testsuite errors="0" failures="9" name="Unit Test.CWXTCOB_Scenario.00001: CWXTCOBCase1.CWXTCOB_CWXTDATE_01.00004: CWXTDATE assertion" tests="6">
    <testcase classname="Unit Test.CWXTCOB_Scenario.00001: CWXTCOBCase1.CWXTCOB_CWXTDATE_01.00004: CWXTDATE assertion" name="00001: Check for END_OF_MONTH_SW"/>
    <testcase classname="Unit Test.CWXTCOB_Scenario.00001: CWXTCOBCase1.CWXTCOB_CWXTDATE_01.00004: CWXTDATE assertion" name="00002: Check for YRS_OF_SERVICE"/>
    <testcase classname="Unit Test.CWXTCOB_Scenario.00001: CWXTCOBCase1.CWXTCOB_CWXTDATE_01.00004: CWXTDATE assertion" name="00003: Check for TODAYS_DATE"/>
    <testcase classname="Unit Test.CWXTCOB_Scenario.00001: CWXTCOBCase1.CWXTCOB_CWXTDATE_01.00004: CWXTDATE assertion" name="00004: Check for WA_EMP_HIRE_YY">
      <failure>Check for WA_EMP_HIRE_YY failed

Actual Value:    94

Expected Value:  81</failure>
    </testcase>
    <testcase classname="Unit Test.CWXTCOB_Scenario.00001: CWXTCOBCase1.CWXTCOB_CWXTDATE_01.00004: CWXTDATE assertion" name="00005: Check for WA_EMP_HIRE_MM">
      <failure>Check for WA_EMP_HIRE_MM failed

Actual Value:    5

Expected Value:  10</failure>
    </testcase>
    <testcase classname="Unit Test.CWXTCOB_Scenario.00001: CWXTCOBCase1.CWXTCOB_CWXTDATE_01.00004: CWXTDATE assertion" name="00006: Check for WA_EMP_HIRE_DD">
      <failure>Check for WA_EMP_HIRE_DD failed

Actual Value:    1

Expected Value:  15</failure>
    </testcase>
  </testsuite>
  <testsuite errors="0" failures="12" name="Unit Test.CWXTCOB_Scenario.00001: CWXTCOBCase1.CWXTCOB_CWXTDATE_01.00005: CWXTDATE assertion" tests="6">
    <testcase classname="Unit Test.CWXTCOB_Scenario.00001: CWXTCOBCase1.CWXTCOB_CWXTDATE_01.00005: CWXTDATE assertion" name="00001: Check for END_OF_MONTH_SW"/>
    <testcase classname="Unit Test.CWXTCOB_Scenario.00001: CWXTCOBCase1.CWXTCOB_CWXTDATE_01.00005: CWXTDATE assertion" name="00002: Check for YRS_OF_SERVICE"/>
    <testcase classname="Unit Test.CWXTCOB_Scenario.00001: CWXTCOBCase1.CWXTCOB_CWXTDATE_01.00005: CWXTDATE assertion" name="00003: Check for TODAYS_DATE"/>
    <testcase classname="Unit Test.CWXTCOB_Scenario.00001: CWXTCOBCase1.CWXTCOB_CWXTDATE_01.00005: CWXTDATE assertion" name="00004: Check for WA_EMP_HIRE_YY">
      <failure>Check for WA_EMP_HIRE_YY failed

Actual Value:    89

Expected Value:  92</failure>
    </testcase>
    <testcase classname="Unit Test.CWXTCOB_Scenario.00001: CWXTCOBCase1.CWXTCOB_CWXTDATE_01.00005: CWXTDATE assertion" name="00005: Check for WA_EMP_HIRE_MM">
      <failure>Check for WA_EMP_HIRE_MM failed

Actual Value:    7

Expected Value:  12</failure>
    </testcase>
    <testcase classname="Unit Test.CWXTCOB_Scenario.00001: CWXTCOBCase1.CWXTCOB_CWXTDATE_01.00005: CWXTDATE assertion" name="00006: Check for WA_EMP_HIRE_DD">
      <failure>Check for WA_EMP_HIRE_DD failed

Actual Value:    20

Expected Value:  31</failure>
    </testcase>
  </testsuite>
  <testsuite errors="0" failures="15" name="Unit Test.CWXTCOB_Scenario.00001: CWXTCOBCase1.CWXTCOB_CWXTDATE_01.00006: CWXTDATE assertion" tests="6">
    <testcase classname="Unit Test.CWXTCOB_Scenario.00001: CWXTCOBCase1.CWXTCOB_CWXTDATE_01.00006: CWXTDATE assertion" name="00001: Check for END_OF_MONTH_SW"/>
    <testcase classname="Unit Test.CWXTCOB_Scenario.00001: CWXTCOBCase1.CWXTCOB_CWXTDATE_01.00006: CWXTDATE assertion" name="00002: Check for YRS_OF_SERVICE"/>
    <testcase classname="Unit Test.CWXTCOB_Scenario.00001: CWXTCOBCase1.CWXTCOB_CWXTDATE_01.00006: CWXTDATE assertion" name="00003: Check for TODAYS_DATE"/>
    <testcase classname="Unit Test.CWXTCOB_Scenario.00001: CWXTCOBCase1.CWXTCOB_CWXTDATE_01.00006: CWXTDATE assertion" name="00004: Check for WA_EMP_HIRE_YY">
      <failure>Check for WA_EMP_HIRE_YY failed

Actual Value:    83

Expected Value:  94</failure>
    </testcase>
    <testcase classname="Unit Test.CWXTCOB_Scenario.00001: CWXTCOBCase1.CWXTCOB_CWXTDATE_01.00006: CWXTDATE assertion" name="00005: Check for WA_EMP_HIRE_MM">
      <failure>Check for WA_EMP_HIRE_MM failed

Actual Value:    6

Expected Value:  5</failure>
    </testcase>
    <testcase classname="Unit Test.CWXTCOB_Scenario.00001: CWXTCOBCase1.CWXTCOB_CWXTDATE_01.00006: CWXTDATE assertion" name="00006: Check for WA_EMP_HIRE_DD">
      <failure>Check for WA_EMP_HIRE_DD failed

Actual Value:    14

Expected Value:  1</failure>
    </testcase>
  </testsuite>
  <testsuite errors="0" failures="18" name="Unit Test.CWXTCOB_Scenario.00001: CWXTCOBCase1.CWXTCOB_CWXTDATE_01.00007: CWXTDATE assertion" tests="6">
    <testcase classname="Unit Test.CWXTCOB_Scenario.00001: CWXTCOBCase1.CWXTCOB_CWXTDATE_01.00007: CWXTDATE assertion" name="00001: Check for END_OF_MONTH_SW"/>
    <testcase classname="Unit Test.CWXTCOB_Scenario.00001: CWXTCOBCase1.CWXTCOB_CWXTDATE_01.00007: CWXTDATE assertion" name="00002: Check for YRS_OF_SERVICE"/>
    <testcase classname="Unit Test.CWXTCOB_Scenario.00001: CWXTCOBCase1.CWXTCOB_CWXTDATE_01.00007: CWXTDATE assertion" name="00003: Check for TODAYS_DATE"/>
    <testcase classname="Unit Test.CWXTCOB_Scenario.00001: CWXTCOBCase1.CWXTCOB_CWXTDATE_01.00007: CWXTDATE assertion" name="00004: Check for WA_EMP_HIRE_YY">
      <failure>Check for WA_EMP_HIRE_YY failed

Actual Value:    87

Expected Value:  89</failure>
    </testcase>
    <testcase classname="Unit Test.CWXTCOB_Scenario.00001: CWXTCOBCase1.CWXTCOB_CWXTDATE_01.00007: CWXTDATE assertion" name="00005: Check for WA_EMP_HIRE_MM">
      <failure>Check for WA_EMP_HIRE_MM failed

Actual Value:    3

Expected Value:  7</failure>
    </testcase>
    <testcase classname="Unit Test.CWXTCOB_Scenario.00001: CWXTCOBCase1.CWXTCOB_CWXTDATE_01.00007: CWXTDATE assertion" name="00006: Check for WA_EMP_HIRE_DD">
      <failure>Check for WA_EMP_HIRE_DD failed

Actual Value:    31

Expected Value:  20</failure>
    </testcase>
  </testsuite>
  <testsuite errors="0" failures="21" name="Unit Test.CWXTCOB_Scenario.00001: CWXTCOBCase1.CWXTCOB_CWXTDATE_01.00008: CWXTDATE assertion" tests="6">
    <testcase classname="Unit Test.CWXTCOB_Scenario.00001: CWXTCOBCase1.CWXTCOB_CWXTDATE_01.00008: CWXTDATE assertion" name="00001: Check for END_OF_MONTH_SW"/>
    <testcase classname="Unit Test.CWXTCOB_Scenario.00001: CWXTCOBCase1.CWXTCOB_CWXTDATE_01.00008: CWXTDATE assertion" name="00002: Check for YRS_OF_SERVICE"/>
    <testcase classname="Unit Test.CWXTCOB_Scenario.00001: CWXTCOBCase1.CWXTCOB_CWXTDATE_01.00008: CWXTDATE assertion" name="00003: Check for TODAYS_DATE"/>
    <testcase classname="Unit Test.CWXTCOB_Scenario.00001: CWXTCOBCase1.CWXTCOB_CWXTDATE_01.00008: CWXTDATE assertion" name="00004: Check for WA_EMP_HIRE_YY">
      <failure>Check for WA_EMP_HIRE_YY failed

Actual Value:    81

Expected Value:  83</failure>
    </testcase>
    <testcase classname="Unit Test.CWXTCOB_Scenario.00001: CWXTCOBCase1.CWXTCOB_CWXTDATE_01.00008: CWXTDATE assertion" name="00005: Check for WA_EMP_HIRE_MM">
      <failure>Check for WA_EMP_HIRE_MM failed

Actual Value:    11

Expected Value:  6</failure>
    </testcase>
    <testcase classname="Unit Test.CWXTCOB_Scenario.00001: CWXTCOBCase1.CWXTCOB_CWXTDATE_01.00008: CWXTDATE assertion" name="00006: Check for WA_EMP_HIRE_DD">
      <failure>Check for WA_EMP_HIRE_DD failed

Actual Value:    11

Expected Value:  14</failure>
    </testcase>
  </testsuite>
  <testsuite errors="0" failures="24" name="Unit Test.CWXTCOB_Scenario.00001: CWXTCOBCase1.CWXTCOB_CWXTDATE_01.00009: CWXTDATE assertion" tests="6">
    <testcase classname="Unit Test.CWXTCOB_Scenario.00001: CWXTCOBCase1.CWXTCOB_CWXTDATE_01.00009: CWXTDATE assertion" name="00001: Check for END_OF_MONTH_SW"/>
    <testcase classname="Unit Test.CWXTCOB_Scenario.00001: CWXTCOBCase1.CWXTCOB_CWXTDATE_01.00009: CWXTDATE assertion" name="00002: Check for YRS_OF_SERVICE"/>
    <testcase classname="Unit Test.CWXTCOB_Scenario.00001: CWXTCOBCase1.CWXTCOB_CWXTDATE_01.00009: CWXTDATE assertion" name="00003: Check for TODAYS_DATE"/>
    <testcase classname="Unit Test.CWXTCOB_Scenario.00001: CWXTCOBCase1.CWXTCOB_CWXTDATE_01.00009: CWXTDATE assertion" name="00004: Check for WA_EMP_HIRE_YY">
      <failure>Check for WA_EMP_HIRE_YY failed

Actual Value:    82

Expected Value:  87</failure>
    </testcase>
    <testcase classname="Unit Test.CWXTCOB_Scenario.00001: CWXTCOBCase1.CWXTCOB_CWXTDATE_01.00009: CWXTDATE assertion" name="00005: Check for WA_EMP_HIRE_MM">
      <failure>Check for WA_EMP_HIRE_MM failed

Actual Value:    8

Expected Value:  3</failure>
    </testcase>
    <testcase classname="Unit Test.CWXTCOB_Scenario.00001: CWXTCOBCase1.CWXTCOB_CWXTDATE_01.00009: CWXTDATE assertion" name="00006: Check for WA_EMP_HIRE_DD">
      <failure>Check for WA_EMP_HIRE_DD failed

Actual Value:    30

Expected Value:  31</failure>
    </testcase>
  </testsuite>
  <testsuite errors="0" failures="27" name="Unit Test.CWXTCOB_Scenario.00001: CWXTCOBCase1.CWXTCOB_CWXTDATE_01.00010: CWXTDATE assertion" tests="6">
    <testcase classname="Unit Test.CWXTCOB_Scenario.00001: CWXTCOBCase1.CWXTCOB_CWXTDATE_01.00010: CWXTDATE assertion" name="00001: Check for END_OF_MONTH_SW"/>
    <testcase classname="Unit Test.CWXTCOB_Scenario.00001: CWXTCOBCase1.CWXTCOB_CWXTDATE_01.00010: CWXTDATE assertion" name="00002: Check for YRS_OF_SERVICE"/>
    <testcase classname="Unit Test.CWXTCOB_Scenario.00001: CWXTCOBCase1.CWXTCOB_CWXTDATE_01.00010: CWXTDATE assertion" name="00003: Check for TODAYS_DATE"/>
    <testcase classname="Unit Test.CWXTCOB_Scenario.00001: CWXTCOBCase1.CWXTCOB_CWXTDATE_01.00010: CWXTDATE assertion" name="00004: Check for WA_EMP_HIRE_YY">
      <failure>Check for WA_EMP_HIRE_YY failed

Actual Value:    93

Expected Value:  81</failure>
    </testcase>
    <testcase classname="Unit Test.CWXTCOB_Scenario.00001: CWXTCOBCase1.CWXTCOB_CWXTDATE_01.00010: CWXTDATE assertion" name="00005: Check for WA_EMP_HIRE_MM">
      <failure>Check for WA_EMP_HIRE_MM failed

Actual Value:    4

Expected Value:  11</failure>
    </testcase>
    <testcase classname="Unit Test.CWXTCOB_Scenario.00001: CWXTCOBCase1.CWXTCOB_CWXTDATE_01.00010: CWXTDATE assertion" name="00006: Check for WA_EMP_HIRE_DD">
      <failure>Check for WA_EMP_HIRE_DD failed

Actual Value:    5

Expected Value:  11</failure>
    </testcase>
  </testsuite>
  <testsuite errors="0" failures="30" name="Unit Test.CWXTCOB_Scenario.00001: CWXTCOBCase1.CWXTCOB_CWXTDATE_01.00011: CWXTDATE assertion" tests="6">
    <testcase classname="Unit Test.CWXTCOB_Scenario.00001: CWXTCOBCase1.CWXTCOB_CWXTDATE_01.00011: CWXTDATE assertion" name="00001: Check for END_OF_MONTH_SW"/>
    <testcase classname="Unit Test.CWXTCOB_Scenario.00001: CWXTCOBCase1.CWXTCOB_CWXTDATE_01.00011: CWXTDATE assertion" name="00002: Check for YRS_OF_SERVICE"/>
    <testcase classname="Unit Test.CWXTCOB_Scenario.00001: CWXTCOBCase1.CWXTCOB_CWXTDATE_01.00011: CWXTDATE assertion" name="00003: Check for TODAYS_DATE"/>
    <testcase classname="Unit Test.CWXTCOB_Scenario.00001: CWXTCOBCase1.CWXTCOB_CWXTDATE_01.00011: CWXTDATE assertion" name="00004: Check for WA_EMP_HIRE_YY">
      <failure>Check for WA_EMP_HIRE_YY failed

Actual Value:    91

Expected Value:  82</failure>
    </testcase>
    <testcase classname="Unit Test.CWXTCOB_Scenario.00001: CWXTCOBCase1.CWXTCOB_CWXTDATE_01.00011: CWXTDATE assertion" name="00005: Check for WA_EMP_HIRE_MM">
      <failure>Check for WA_EMP_HIRE_MM failed

Actual Value:    9

Expected Value:  8</failure>
    </testcase>
    <testcase classname="Unit Test.CWXTCOB_Scenario.00001: CWXTCOBCase1.CWXTCOB_CWXTDATE_01.00011: CWXTDATE assertion" name="00006: Check for WA_EMP_HIRE_DD">
      <failure>Check for WA_EMP_HIRE_DD failed

Actual Value:    13

Expected Value:  30</failure>
    </testcase>
  </testsuite>
  <testsuite errors="0" failures="33" name="Unit Test.CWXTCOB_Scenario.00001: CWXTCOBCase1.CWXTCOB_CWXTDATE_01.00012: CWXTDATE assertion" tests="6">
    <testcase classname="Unit Test.CWXTCOB_Scenario.00001: CWXTCOBCase1.CWXTCOB_CWXTDATE_01.00012: CWXTDATE assertion" name="00001: Check for END_OF_MONTH_SW"/>
    <testcase classname="Unit Test.CWXTCOB_Scenario.00001: CWXTCOBCase1.CWXTCOB_CWXTDATE_01.00012: CWXTDATE assertion" name="00002: Check for YRS_OF_SERVICE"/>
    <testcase classname="Unit Test.CWXTCOB_Scenario.00001: CWXTCOBCase1.CWXTCOB_CWXTDATE_01.00012: CWXTDATE assertion" name="00003: Check for TODAYS_DATE"/>
    <testcase classname="Unit Test.CWXTCOB_Scenario.00001: CWXTCOBCase1.CWXTCOB_CWXTDATE_01.00012: CWXTDATE assertion" name="00004: Check for WA_EMP_HIRE_YY">
      <failure>Check for WA_EMP_HIRE_YY failed

Actual Value:    88

Expected Value:  93</failure>
    </testcase>
    <testcase classname="Unit Test.CWXTCOB_Scenario.00001: CWXTCOBCase1.CWXTCOB_CWXTDATE_01.00012: CWXTDATE assertion" name="00005: Check for WA_EMP_HIRE_MM">
      <failure>Check for WA_EMP_HIRE_MM failed

Actual Value:    2

Expected Value:  4</failure>
    </testcase>
    <testcase classname="Unit Test.CWXTCOB_Scenario.00001: CWXTCOBCase1.CWXTCOB_CWXTDATE_01.00012: CWXTDATE assertion" name="00006: Check for WA_EMP_HIRE_DD">
      <failure>Check for WA_EMP_HIRE_DD failed

Actual Value:    29

Expected Value:  5</failure>
    </testcase>
  </testsuite>
  <testsuite errors="0" failures="36" name="Unit Test.CWXTCOB_Scenario.00001: CWXTCOBCase1.CWXTCOB_CWXTDATE_01.00013: CWXTDATE assertion" tests="6">
    <testcase classname="Unit Test.CWXTCOB_Scenario.00001: CWXTCOBCase1.CWXTCOB_CWXTDATE_01.00013: CWXTDATE assertion" name="00001: Check for END_OF_MONTH_SW"/>
    <testcase classname="Unit Test.CWXTCOB_Scenario.00001: CWXTCOBCase1.CWXTCOB_CWXTDATE_01.00013: CWXTDATE assertion" name="00002: Check for YRS_OF_SERVICE"/>
    <testcase classname="Unit Test.CWXTCOB_Scenario.00001: CWXTCOBCase1.CWXTCOB_CWXTDATE_01.00013: CWXTDATE assertion" name="00003: Check for TODAYS_DATE"/>
    <testcase classname="Unit Test.CWXTCOB_Scenario.00001: CWXTCOBCase1.CWXTCOB_CWXTDATE_01.00013: CWXTDATE assertion" name="00004: Check for WA_EMP_HIRE_YY">
      <failure>Check for WA_EMP_HIRE_YY failed

Actual Value:    86

Expected Value:  91</failure>
    </testcase>
    <testcase classname="Unit Test.CWXTCOB_Scenario.00001: CWXTCOBCase1.CWXTCOB_CWXTDATE_01.00013: CWXTDATE assertion" name="00005: Check for WA_EMP_HIRE_MM">
      <failure>Check for WA_EMP_HIRE_MM failed

Actual Value:    1

Expected Value:  9</failure>
    </testcase>
    <testcase classname="Unit Test.CWXTCOB_Scenario.00001: CWXTCOBCase1.CWXTCOB_CWXTDATE_01.00013: CWXTDATE assertion" name="00006: Check for WA_EMP_HIRE_DD">
      <failure>Check for WA_EMP_HIRE_DD failed

Actual Value:    2

Expected Value:  13</failure>
    </testcase>
  </testsuite>
  <testsuite errors="0" failures="39" name="Unit Test.CWXTCOB_Scenario.00001: CWXTCOBCase1.CWXTCOB_CWXTDATE_01.00014: CWXTDATE assertion" tests="6">
    <testcase classname="Unit Test.CWXTCOB_Scenario.00001: CWXTCOBCase1.CWXTCOB_CWXTDATE_01.00014: CWXTDATE assertion" name="00001: Check for END_OF_MONTH_SW"/>
    <testcase classname="Unit Test.CWXTCOB_Scenario.00001: CWXTCOBCase1.CWXTCOB_CWXTDATE_01.00014: CWXTDATE assertion" name="00002: Check for YRS_OF_SERVICE"/>
    <testcase classname="Unit Test.CWXTCOB_Scenario.00001: CWXTCOBCase1.CWXTCOB_CWXTDATE_01.00014: CWXTDATE assertion" name="00003: Check for TODAYS_DATE"/>
    <testcase classname="Unit Test.CWXTCOB_Scenario.00001: CWXTCOBCase1.CWXTCOB_CWXTDATE_01.00014: CWXTDATE assertion" name="00004: Check for WA_EMP_HIRE_YY">
      <failure>Check for WA_EMP_HIRE_YY failed

Actual Value:    82

Expected Value:  88</failure>
    </testcase>
    <testcase classname="Unit Test.CWXTCOB_Scenario.00001: CWXTCOBCase1.CWXTCOB_CWXTDATE_01.00014: CWXTDATE assertion" name="00005: Check for WA_EMP_HIRE_MM">
      <failure>Check for WA_EMP_HIRE_MM failed

Actual Value:    9

Expected Value:  2</failure>
    </testcase>
    <testcase classname="Unit Test.CWXTCOB_Scenario.00001: CWXTCOBCase1.CWXTCOB_CWXTDATE_01.00014: CWXTDATE assertion" name="00006: Check for WA_EMP_HIRE_DD">
      <failure>Check for WA_EMP_HIRE_DD failed

Actual Value:    30

Expected Value:  29</failure>
    </testcase>
  </testsuite>
  <testsuite errors="0" failures="39" name="Unit Test.CWXTCOB_Scenario.00001: CWXTCOBCase1.CWXTCOB_CWXTDATE_01.00015: CWXTDATE assertion" tests="0">
    <testcase classname="Unit Test.CWXTCOB_Scenario.00001: CWXTCOBCase1.CWXTCOB_CWXTDATE_01.00015: CWXTDATE assertion" name="CWXTDATE"/>
  </testsuite>
  <testsuite errors="0" failures="39" name="Unit Test.CWXTCOB_Scenario.00001: CWXTCOBCase1.CWXTCOB_CWXTDATE_01.00016: CWXTDATE assertion" tests="0">
    <testcase classname="Unit Test.CWXTCOB_Scenario.00001: CWXTCOBCase1.CWXTCOB_CWXTDATE_01.00016: CWXTDATE assertion" name="CWXTDATE"/>
  </testsuite>
  <testsuite errors="0" failures="0" name="Unit Test.CWXTCOB_Scenario.00001: CWXTCOBCase1.CWXTCOB_CWXTSUBC_01.00001: CWXTSUBC assertion" tests="3">
    <testcase classname="Unit Test.CWXTCOB_Scenario.00001: CWXTCOBCase1.CWXTCOB_CWXTSUBC_01.00001: CWXTSUBC assertion" name="00001: Check for EMP_TYPE"/>
    <testcase classname="Unit Test.CWXTCOB_Scenario.00001: CWXTCOBCase1.CWXTCOB_CWXTSUBC_01.00001: CWXTSUBC assertion" name="00002: Check for CALC_SALES"/>
    <testcase classname="Unit Test.CWXTCOB_Scenario.00001: CWXTCOBCase1.CWXTCOB_CWXTSUBC_01.00001: CWXTSUBC assertion" name="00003: Check for CALC_COMMISSION"/>
  </testsuite>
  <testsuite errors="0" failures="0" name="Unit Test.CWXTCOB_Scenario.00001: CWXTCOBCase1.CWXTCOB_CWXTSUBC_01.00002: CWXTSUBC assertion" tests="3">
    <testcase classname="Unit Test.CWXTCOB_Scenario.00001: CWXTCOBCase1.CWXTCOB_CWXTSUBC_01.00002: CWXTSUBC assertion" name="00001: Check for EMP_TYPE"/>
    <testcase classname="Unit Test.CWXTCOB_Scenario.00001: CWXTCOBCase1.CWXTCOB_CWXTSUBC_01.00002: CWXTSUBC assertion" name="00002: Check for CALC_SALES"/>
    <testcase classname="Unit Test.CWXTCOB_Scenario.00001: CWXTCOBCase1.CWXTCOB_CWXTSUBC_01.00002: CWXTSUBC assertion" name="00003: Check for CALC_COMMISSION"/>
  </testsuite>
  <testsuite errors="0" failures="0" name="Unit Test.CWXTCOB_Scenario.00001: CWXTCOBCase1.CWXTCOB_CWXTSUBC_01.00003: CWXTSUBC assertion" tests="3">
    <testcase classname="Unit Test.CWXTCOB_Scenario.00001: CWXTCOBCase1.CWXTCOB_CWXTSUBC_01.00003: CWXTSUBC assertion" name="00001: Check for EMP_TYPE"/>
    <testcase classname="Unit Test.CWXTCOB_Scenario.00001: CWXTCOBCase1.CWXTCOB_CWXTSUBC_01.00003: CWXTSUBC assertion" name="00002: Check for CALC_SALES"/>
    <testcase classname="Unit Test.CWXTCOB_Scenario.00001: CWXTCOBCase1.CWXTCOB_CWXTSUBC_01.00003: CWXTSUBC assertion" name="00003: Check for CALC_COMMISSION"/>
  </testsuite>
  <testsuite errors="0" failures="0" name="Unit Test.CWXTCOB_Scenario.00001: CWXTCOBCase1.CWXTCOB_CWXTSUBC_01.00004: CWXTSUBC assertion" tests="3">
    <testcase classname="Unit Test.CWXTCOB_Scenario.00001: CWXTCOBCase1.CWXTCOB_CWXTSUBC_01.00004: CWXTSUBC assertion" name="00001: Check for EMP_TYPE"/>
    <testcase classname="Unit Test.CWXTCOB_Scenario.00001: CWXTCOBCase1.CWXTCOB_CWXTSUBC_01.00004: CWXTSUBC assertion" name="00002: Check for CALC_SALES"/>
    <testcase classname="Unit Test.CWXTCOB_Scenario.00001: CWXTCOBCase1.CWXTCOB_CWXTSUBC_01.00004: CWXTSUBC assertion" name="00003: Check for CALC_COMMISSION"/>
  </testsuite>
  <testsuite errors="0" failures="0" name="Unit Test.CWXTCOB_Scenario.00001: CWXTCOBCase1.CWXTCOB_CWXTSUBC_01.00005: CWXTSUBC assertion" tests="3">
    <testcase classname="Unit Test.CWXTCOB_Scenario.00001: CWXTCOBCase1.CWXTCOB_CWXTSUBC_01.00005: CWXTSUBC assertion" name="00001: Check for EMP_TYPE"/>
    <testcase classname="Unit Test.CWXTCOB_Scenario.00001: CWXTCOBCase1.CWXTCOB_CWXTSUBC_01.00005: CWXTSUBC assertion" name="00002: Check for CALC_SALES"/>
    <testcase classname="Unit Test.CWXTCOB_Scenario.00001: CWXTCOBCase1.CWXTCOB_CWXTSUBC_01.00005: CWXTSUBC assertion" name="00003: Check for CALC_COMMISSION"/>
  </testsuite>
  <testsuite errors="0" failures="0" name="Unit Test.CWXTCOB_Scenario.00001: CWXTCOBCase1.CWXTCOB_CWXTSUBC_01.00006: CWXTSUBC assertion" tests="3">
    <testcase classname="Unit Test.CWXTCOB_Scenario.00001: CWXTCOBCase1.CWXTCOB_CWXTSUBC_01.00006: CWXTSUBC assertion" name="00001: Check for EMP_TYPE"/>
    <testcase classname="Unit Test.CWXTCOB_Scenario.00001: CWXTCOBCase1.CWXTCOB_CWXTSUBC_01.00006: CWXTSUBC assertion" name="00002: Check for CALC_SALES"/>
    <testcase classname="Unit Test.CWXTCOB_Scenario.00001: CWXTCOBCase1.CWXTCOB_CWXTSUBC_01.00006: CWXTSUBC assertion" name="00003: Check for CALC_COMMISSION"/>
  </testsuite>
  <testsuite errors="0" failures="0" name="Unit Test.CWXTCOB_Scenario.00001: CWXTCOBCase1.CWXTCOB_CWXTSUBC_01.00007: CWXTSUBC assertion" tests="3">
    <testcase classname="Unit Test.CWXTCOB_Scenario.00001: CWXTCOBCase1.CWXTCOB_CWXTSUBC_01.00007: CWXTSUBC assertion" name="00001: Check for EMP_TYPE"/>
    <testcase classname="Unit Test.CWXTCOB_Scenario.00001: CWXTCOBCase1.CWXTCOB_CWXTSUBC_01.00007: CWXTSUBC assertion" name="00002: Check for CALC_SALES"/>
    <testcase classname="Unit Test.CWXTCOB_Scenario.00001: CWXTCOBCase1.CWXTCOB_CWXTSUBC_01.00007: CWXTSUBC assertion" name="00003: Check for CALC_COMMISSION"/>
  </testsuite>
  <testsuite errors="0" failures="0" name="Unit Test.CWXTCOB_Scenario.00001: CWXTCOBCase1.CWXTCOB_CWXTSUBC_01.00008: CWXTSUBC assertion" tests="3">
    <testcase classname="Unit Test.CWXTCOB_Scenario.00001: CWXTCOBCase1.CWXTCOB_CWXTSUBC_01.00008: CWXTSUBC assertion" name="00001: Check for EMP_TYPE"/>
    <testcase classname="Unit Test.CWXTCOB_Scenario.00001: CWXTCOBCase1.CWXTCOB_CWXTSUBC_01.00008: CWXTSUBC assertion" name="00002: Check for CALC_SALES"/>
    <testcase classname="Unit Test.CWXTCOB_Scenario.00001: CWXTCOBCase1.CWXTCOB_CWXTSUBC_01.00008: CWXTSUBC assertion" name="00003: Check for CALC_COMMISSION"/>
  </testsuite>
  <testsuite errors="0" failures="0" name="Unit Test.CWXTCOB_Scenario.00001: CWXTCOBCase1.CWXTCOB_DATETIME_01.00001: ACCEPT DATE assertion" tests="0">
    <testcase classname="Unit Test.CWXTCOB_Scenario.00001: CWXTCOBCase1.CWXTCOB_DATETIME_01.00001: ACCEPT DATE assertion" name="ACCEPT DATE"/>
  </testsuite>
  <testsuite errors="0" failures="0" name="Unit Test.CWXTCOB_Scenario.00001: CWXTCOBCase1.CWXTCOB_RPTFILE_FILE_01.00001: RPTFILE assertion" tests="1">
    <testcase classname="Unit Test.CWXTCOB_Scenario.00001: CWXTCOBCase1.CWXTCOB_RPTFILE_FILE_01.00001: RPTFILE assertion" name="00001: Check for BLANK_LINE"/>
  </testsuite>
  <testsuite errors="0" failures="0" name="Unit Test.CWXTCOB_Scenario.00001: CWXTCOBCase1.CWXTCOB_RPTFILE_FILE_01.00002: RPTFILE assertion" tests="1">
    <testcase classname="Unit Test.CWXTCOB_Scenario.00001: CWXTCOBCase1.CWXTCOB_RPTFILE_FILE_01.00002: RPTFILE assertion" name="00001: Check for BLANK_LINE"/>
  </testsuite>
  <testsuite errors="0" failures="0" name="Unit Test.CWXTCOB_Scenario.00001: CWXTCOBCase1.CWXTCOB_RPTFILE_FILE_01.00003: RPTFILE assertion" tests="1">
    <testcase classname="Unit Test.CWXTCOB_Scenario.00001: CWXTCOBCase1.CWXTCOB_RPTFILE_FILE_01.00003: RPTFILE assertion" name="00001: Check for BLANK_LINE"/>
  </testsuite>
  <testsuite errors="0" failures="0" name="Unit Test.CWXTCOB_Scenario.00001: CWXTCOBCase1.CWXTCOB_RPTFILE_FILE_01.00004: RPTFILE assertion" tests="12">
    <testcase classname="Unit Test.CWXTCOB_Scenario.00001: CWXTCOBCase1.CWXTCOB_RPTFILE_FILE_01.00004: RPTFILE assertion" name="00001: Check for FILLER0"/>
    <testcase classname="Unit Test.CWXTCOB_Scenario.00001: CWXTCOBCase1.CWXTCOB_RPTFILE_FILE_01.00004: RPTFILE assertion" name="00002: Check for FILLER1"/>
    <testcase classname="Unit Test.CWXTCOB_Scenario.00001: CWXTCOBCase1.CWXTCOB_RPTFILE_FILE_01.00004: RPTFILE assertion" name="00003: Check for EMP_RUN_MM"/>
    <testcase classname="Unit Test.CWXTCOB_Scenario.00001: CWXTCOBCase1.CWXTCOB_RPTFILE_FILE_01.00004: RPTFILE assertion" name="00004: Check for FILLER2"/>
    <testcase classname="Unit Test.CWXTCOB_Scenario.00001: CWXTCOBCase1.CWXTCOB_RPTFILE_FILE_01.00004: RPTFILE assertion" name="00005: Check for EMP_RUN_DD"/>
    <testcase classname="Unit Test.CWXTCOB_Scenario.00001: CWXTCOBCase1.CWXTCOB_RPTFILE_FILE_01.00004: RPTFILE assertion" name="00006: Check for FILLER3"/>
    <testcase classname="Unit Test.CWXTCOB_Scenario.00001: CWXTCOBCase1.CWXTCOB_RPTFILE_FILE_01.00004: RPTFILE assertion" name="00007: Check for EMP_RUN_YY"/>
    <testcase classname="Unit Test.CWXTCOB_Scenario.00001: CWXTCOBCase1.CWXTCOB_RPTFILE_FILE_01.00004: RPTFILE assertion" name="00008: Check for FILLER4"/>
    <testcase classname="Unit Test.CWXTCOB_Scenario.00001: CWXTCOBCase1.CWXTCOB_RPTFILE_FILE_01.00004: RPTFILE assertion" name="00009: Check for FILLER5"/>
    <testcase classname="Unit Test.CWXTCOB_Scenario.00001: CWXTCOBCase1.CWXTCOB_RPTFILE_FILE_01.00004: RPTFILE assertion" name="00010: Check for FILLER6"/>
    <testcase classname="Unit Test.CWXTCOB_Scenario.00001: CWXTCOBCase1.CWXTCOB_RPTFILE_FILE_01.00004: RPTFILE assertion" name="00011: Check for FILLER7"/>
    <testcase classname="Unit Test.CWXTCOB_Scenario.00001: CWXTCOBCase1.CWXTCOB_RPTFILE_FILE_01.00004: RPTFILE assertion" name="00012: Check for EMP_PAGE"/>
  </testsuite>
  <testsuite errors="0" failures="0" name="Unit Test.CWXTCOB_Scenario.00001: CWXTCOBCase1.CWXTCOB_RPTFILE_FILE_01.00005: RPTFILE assertion" tests="1">
    <testcase classname="Unit Test.CWXTCOB_Scenario.00001: CWXTCOBCase1.CWXTCOB_RPTFILE_FILE_01.00005: RPTFILE assertion" name="00001: Check for BLANK_LINE"/>
  </testsuite>
  <testsuite errors="0" failures="0" name="Unit Test.CWXTCOB_Scenario.00001: CWXTCOBCase1.CWXTCOB_RPTFILE_FILE_01.00006: RPTFILE assertion" tests="1">
    <testcase classname="Unit Test.CWXTCOB_Scenario.00001: CWXTCOBCase1.CWXTCOB_RPTFILE_FILE_01.00006: RPTFILE assertion" name="00001: Check for BLANK_LINE"/>
  </testsuite>
  <testsuite errors="0" failures="0" name="Unit Test.CWXTCOB_Scenario.00001: CWXTCOBCase1.CWXTCOB_RPTFILE_FILE_01.00007: RPTFILE assertion" tests="5">
    <testcase classname="Unit Test.CWXTCOB_Scenario.00001: CWXTCOBCase1.CWXTCOB_RPTFILE_FILE_01.00007: RPTFILE assertion" name="00001: Check for FILLER0"/>
    <testcase classname="Unit Test.CWXTCOB_Scenario.00001: CWXTCOBCase1.CWXTCOB_RPTFILE_FILE_01.00007: RPTFILE assertion" name="00002: Check for FILLER1"/>
    <testcase classname="Unit Test.CWXTCOB_Scenario.00001: CWXTCOBCase1.CWXTCOB_RPTFILE_FILE_01.00007: RPTFILE assertion" name="00003: Check for FILLER2"/>
    <testcase classname="Unit Test.CWXTCOB_Scenario.00001: CWXTCOBCase1.CWXTCOB_RPTFILE_FILE_01.00007: RPTFILE assertion" name="00004: Check for FILLER3"/>
    <testcase classname="Unit Test.CWXTCOB_Scenario.00001: CWXTCOBCase1.CWXTCOB_RPTFILE_FILE_01.00007: RPTFILE assertion" name="00005: Check for FILLER4"/>
  </testsuite>
  <testsuite errors="0" failures="0" name="Unit Test.CWXTCOB_Scenario.00001: CWXTCOBCase1.CWXTCOB_RPTFILE_FILE_01.00008: RPTFILE assertion" tests="18">
    <testcase classname="Unit Test.CWXTCOB_Scenario.00001: CWXTCOBCase1.CWXTCOB_RPTFILE_FILE_01.00008: RPTFILE assertion" name="00001: Check for FILLER0"/>
    <testcase classname="Unit Test.CWXTCOB_Scenario.00001: CWXTCOBCase1.CWXTCOB_RPTFILE_FILE_01.00008: RPTFILE assertion" name="00002: Check for FILLER1"/>
    <testcase classname="Unit Test.CWXTCOB_Scenario.00001: CWXTCOBCase1.CWXTCOB_RPTFILE_FILE_01.00008: RPTFILE assertion" name="00003: Check for FILLER2"/>
    <testcase classname="Unit Test.CWXTCOB_Scenario.00001: CWXTCOBCase1.CWXTCOB_RPTFILE_FILE_01.00008: RPTFILE assertion" name="00004: Check for FILLER3"/>
    <testcase classname="Unit Test.CWXTCOB_Scenario.00001: CWXTCOBCase1.CWXTCOB_RPTFILE_FILE_01.00008: RPTFILE assertion" name="00005: Check for FILLER4"/>
    <testcase classname="Unit Test.CWXTCOB_Scenario.00001: CWXTCOBCase1.CWXTCOB_RPTFILE_FILE_01.00008: RPTFILE assertion" name="00006: Check for FILLER5"/>
    <testcase classname="Unit Test.CWXTCOB_Scenario.00001: CWXTCOBCase1.CWXTCOB_RPTFILE_FILE_01.00008: RPTFILE assertion" name="00007: Check for FILLER6"/>
    <testcase classname="Unit Test.CWXTCOB_Scenario.00001: CWXTCOBCase1.CWXTCOB_RPTFILE_FILE_01.00008: RPTFILE assertion" name="00008: Check for FILLER7"/>
    <testcase classname="Unit Test.CWXTCOB_Scenario.00001: CWXTCOBCase1.CWXTCOB_RPTFILE_FILE_01.00008: RPTFILE assertion" name="00009: Check for FILLER8"/>
    <testcase classname="Unit Test.CWXTCOB_Scenario.00001: CWXTCOBCase1.CWXTCOB_RPTFILE_FILE_01.00008: RPTFILE assertion" name="00010: Check for FILLER9"/>
    <testcase classname="Unit Test.CWXTCOB_Scenario.00001: CWXTCOBCase1.CWXTCOB_RPTFILE_FILE_01.00008: RPTFILE assertion" name="00011: Check for FILLER10"/>
    <testcase classname="Unit Test.CWXTCOB_Scenario.00001: CWXTCOBCase1.CWXTCOB_RPTFILE_FILE_01.00008: RPTFILE assertion" name="00012: Check for FILLER11"/>
    <testcase classname="Unit Test.CWXTCOB_Scenario.00001: CWXTCOBCase1.CWXTCOB_RPTFILE_FILE_01.00008: RPTFILE assertion" name="00013: Check for FILLER12"/>
    <testcase classname="Unit Test.CWXTCOB_Scenario.00001: CWXTCOBCase1.CWXTCOB_RPTFILE_FILE_01.00008: RPTFILE assertion" name="00014: Check for FILLER13"/>
    <testcase classname="Unit Test.CWXTCOB_Scenario.00001: CWXTCOBCase1.CWXTCOB_RPTFILE_FILE_01.00008: RPTFILE assertion" name="00015: Check for FILLER14"/>
    <testcase classname="Unit Test.CWXTCOB_Scenario.00001: CWXTCOBCase1.CWXTCOB_RPTFILE_FILE_01.00008: RPTFILE assertion" name="00016: Check for FILLER15"/>
    <testcase classname="Unit Test.CWXTCOB_Scenario.00001: CWXTCOBCase1.CWXTCOB_RPTFILE_FILE_01.00008: RPTFILE assertion" name="00017: Check for FILLER16"/>
    <testcase classname="Unit Test.CWXTCOB_Scenario.00001: CWXTCOBCase1.CWXTCOB_RPTFILE_FILE_01.00008: RPTFILE assertion" name="00018: Check for FILLER17"/>
  </testsuite>
  <testsuite errors="0" failures="0" name="Unit Test.CWXTCOB_Scenario.00001: CWXTCOBCase1.CWXTCOB_RPTFILE_FILE_01.00009: RPTFILE assertion" tests="1">
    <testcase classname="Unit Test.CWXTCOB_Scenario.00001: CWXTCOBCase1.CWXTCOB_RPTFILE_FILE_01.00009: RPTFILE assertion" name="00001: Check for BLANK_LINE"/>
  </testsuite>
  <testsuite errors="0" failures="4" name="Unit Test.CWXTCOB_Scenario.00001: CWXTCOBCase1.CWXTCOB_RPTFILE_FILE_01.00010: RPTFILE assertion" tests="22">
    <testcase classname="Unit Test.CWXTCOB_Scenario.00001: CWXTCOBCase1.CWXTCOB_RPTFILE_FILE_01.00010: RPTFILE assertion" name="00001: Check for FILLER0"/>
    <testcase classname="Unit Test.CWXTCOB_Scenario.00001: CWXTCOBCase1.CWXTCOB_RPTFILE_FILE_01.00010: RPTFILE assertion" name="00002: Check for EMP_DTL_NAME"/>
    <testcase classname="Unit Test.CWXTCOB_Scenario.00001: CWXTCOBCase1.CWXTCOB_RPTFILE_FILE_01.00010: RPTFILE assertion" name="00003: Check for FILLER1"/>
    <testcase classname="Unit Test.CWXTCOB_Scenario.00001: CWXTCOBCase1.CWXTCOB_RPTFILE_FILE_01.00010: RPTFILE assertion" name="00004: Check for EMP_DTL_REGION"/>
    <testcase classname="Unit Test.CWXTCOB_Scenario.00001: CWXTCOBCase1.CWXTCOB_RPTFILE_FILE_01.00010: RPTFILE assertion" name="00005: Check for FILLER2"/>
    <testcase classname="Unit Test.CWXTCOB_Scenario.00001: CWXTCOBCase1.CWXTCOB_RPTFILE_FILE_01.00010: RPTFILE assertion" name="00006: Check for EMP_DTL_TYPE"/>
    <testcase classname="Unit Test.CWXTCOB_Scenario.00001: CWXTCOBCase1.CWXTCOB_RPTFILE_FILE_01.00010: RPTFILE assertion" name="00007: Check for FILLER3"/>
    <testcase classname="Unit Test.CWXTCOB_Scenario.00001: CWXTCOBCase1.CWXTCOB_RPTFILE_FILE_01.00010: RPTFILE assertion" name="00008: Check for EMP_DTL_HIRE_MM">
      <failure>Check for EMP_DTL_HIRE_MM failed

Actual Value:    6

Expected Value:  10</failure>
    </testcase>
    <testcase classname="Unit Test.CWXTCOB_Scenario.00001: CWXTCOBCase1.CWXTCOB_RPTFILE_FILE_01.00010: RPTFILE assertion" name="00009: Check for EMP_DTL_SLASH1"/>
    <testcase classname="Unit Test.CWXTCOB_Scenario.00001: CWXTCOBCase1.CWXTCOB_RPTFILE_FILE_01.00010: RPTFILE assertion" name="00010: Check for EMP_DTL_HIRE_DD">
      <failure>Check for EMP_DTL_HIRE_DD failed

Actual Value:    25

Expected Value:  15</failure>
    </testcase>
    <testcase classname="Unit Test.CWXTCOB_Scenario.00001: CWXTCOBCase1.CWXTCOB_RPTFILE_FILE_01.00010: RPTFILE assertion" name="00011: Check for EMP_DTL_SLASH2"/>
    <testcase classname="Unit Test.CWXTCOB_Scenario.00001: CWXTCOBCase1.CWXTCOB_RPTFILE_FILE_01.00010: RPTFILE assertion" name="00012: Check for EMP_DTL_HIRE_YY">
      <failure>Check for EMP_DTL_HIRE_YY failed

Actual Value:    84

Expected Value:  81</failure>
    </testcase>
    <testcase classname="Unit Test.CWXTCOB_Scenario.00001: CWXTCOBCase1.CWXTCOB_RPTFILE_FILE_01.00010: RPTFILE assertion" name="00013: Check for FILLER4"/>
    <testcase classname="Unit Test.CWXTCOB_Scenario.00001: CWXTCOBCase1.CWXTCOB_RPTFILE_FILE_01.00010: RPTFILE assertion" name="00014: Check for EMP_DTL_YRS_OF_SERVICE">
      <failure>Check for EMP_DTL_YRS_OF_SERVICE failed

Actual Value:    36

Expected Value:  39</failure>
    </testcase>
    <testcase classname="Unit Test.CWXTCOB_Scenario.00001: CWXTCOBCase1.CWXTCOB_RPTFILE_FILE_01.00010: RPTFILE assertion" name="00015: Check for FILLER5"/>
    <testcase classname="Unit Test.CWXTCOB_Scenario.00001: CWXTCOBCase1.CWXTCOB_RPTFILE_FILE_01.00010: RPTFILE assertion" name="00016: Check for EMP_DTL_WAGES"/>
    <testcase classname="Unit Test.CWXTCOB_Scenario.00001: CWXTCOBCase1.CWXTCOB_RPTFILE_FILE_01.00010: RPTFILE assertion" name="00017: Check for FILLER6"/>
    <testcase classname="Unit Test.CWXTCOB_Scenario.00001: CWXTCOBCase1.CWXTCOB_RPTFILE_FILE_01.00010: RPTFILE assertion" name="00018: Check for EMP_DTL_OT"/>
    <testcase classname="Unit Test.CWXTCOB_Scenario.00001: CWXTCOBCase1.CWXTCOB_RPTFILE_FILE_01.00010: RPTFILE assertion" name="00019: Check for FILLER7"/>
    <testcase classname="Unit Test.CWXTCOB_Scenario.00001: CWXTCOBCase1.CWXTCOB_RPTFILE_FILE_01.00010: RPTFILE assertion" name="00020: Check for EMP_DTL_COMM"/>
    <testcase classname="Unit Test.CWXTCOB_Scenario.00001: CWXTCOBCase1.CWXTCOB_RPTFILE_FILE_01.00010: RPTFILE assertion" name="00021: Check for FILLER8"/>
    <testcase classname="Unit Test.CWXTCOB_Scenario.00001: CWXTCOBCase1.CWXTCOB_RPTFILE_FILE_01.00010: RPTFILE assertion" name="00022: Check for EMP_DTL_TOTAL"/>
  </testsuite>
  <testsuite errors="0" failures="8" name="Unit Test.CWXTCOB_Scenario.00001: CWXTCOBCase1.CWXTCOB_RPTFILE_FILE_01.00011: RPTFILE assertion" tests="22">
    <testcase classname="Unit Test.CWXTCOB_Scenario.00001: CWXTCOBCase1.CWXTCOB_RPTFILE_FILE_01.00011: RPTFILE assertion" name="00001: Check for FILLER0"/>
    <testcase classname="Unit Test.CWXTCOB_Scenario.00001: CWXTCOBCase1.CWXTCOB_RPTFILE_FILE_01.00011: RPTFILE assertion" name="00002: Check for EMP_DTL_NAME"/>
    <testcase classname="Unit Test.CWXTCOB_Scenario.00001: CWXTCOBCase1.CWXTCOB_RPTFILE_FILE_01.00011: RPTFILE assertion" name="00003: Check for FILLER1"/>
    <testcase classname="Unit Test.CWXTCOB_Scenario.00001: CWXTCOBCase1.CWXTCOB_RPTFILE_FILE_01.00011: RPTFILE assertion" name="00004: Check for EMP_DTL_REGION"/>
    <testcase classname="Unit Test.CWXTCOB_Scenario.00001: CWXTCOBCase1.CWXTCOB_RPTFILE_FILE_01.00011: RPTFILE assertion" name="00005: Check for FILLER2"/>
    <testcase classname="Unit Test.CWXTCOB_Scenario.00001: CWXTCOBCase1.CWXTCOB_RPTFILE_FILE_01.00011: RPTFILE assertion" name="00006: Check for EMP_DTL_TYPE"/>
    <testcase classname="Unit Test.CWXTCOB_Scenario.00001: CWXTCOBCase1.CWXTCOB_RPTFILE_FILE_01.00011: RPTFILE assertion" name="00007: Check for FILLER3"/>
    <testcase classname="Unit Test.CWXTCOB_Scenario.00001: CWXTCOBCase1.CWXTCOB_RPTFILE_FILE_01.00011: RPTFILE assertion" name="00008: Check for EMP_DTL_HIRE_MM">
      <failure>Check for EMP_DTL_HIRE_MM failed

Actual Value:    1

Expected Value:  12</failure>
    </testcase>
    <testcase classname="Unit Test.CWXTCOB_Scenario.00001: CWXTCOBCase1.CWXTCOB_RPTFILE_FILE_01.00011: RPTFILE assertion" name="00009: Check for EMP_DTL_SLASH1"/>
    <testcase classname="Unit Test.CWXTCOB_Scenario.00001: CWXTCOBCase1.CWXTCOB_RPTFILE_FILE_01.00011: RPTFILE assertion" name="00010: Check for EMP_DTL_HIRE_DD">
      <failure>Check for EMP_DTL_HIRE_DD failed

Actual Value:    30

Expected Value:  31</failure>
    </testcase>
    <testcase classname="Unit Test.CWXTCOB_Scenario.00001: CWXTCOBCase1.CWXTCOB_RPTFILE_FILE_01.00011: RPTFILE assertion" name="00011: Check for EMP_DTL_SLASH2"/>
    <testcase classname="Unit Test.CWXTCOB_Scenario.00001: CWXTCOBCase1.CWXTCOB_RPTFILE_FILE_01.00011: RPTFILE assertion" name="00012: Check for EMP_DTL_HIRE_YY">
      <failure>Check for EMP_DTL_HIRE_YY failed

Actual Value:    79

Expected Value:  92</failure>
    </testcase>
    <testcase classname="Unit Test.CWXTCOB_Scenario.00001: CWXTCOBCase1.CWXTCOB_RPTFILE_FILE_01.00011: RPTFILE assertion" name="00013: Check for FILLER4"/>
    <testcase classname="Unit Test.CWXTCOB_Scenario.00001: CWXTCOBCase1.CWXTCOB_RPTFILE_FILE_01.00011: RPTFILE assertion" name="00014: Check for EMP_DTL_YRS_OF_SERVICE">
      <failure>Check for EMP_DTL_YRS_OF_SERVICE failed

Actual Value:    42

Expected Value:  28</failure>
    </testcase>
    <testcase classname="Unit Test.CWXTCOB_Scenario.00001: CWXTCOBCase1.CWXTCOB_RPTFILE_FILE_01.00011: RPTFILE assertion" name="00015: Check for FILLER5"/>
    <testcase classname="Unit Test.CWXTCOB_Scenario.00001: CWXTCOBCase1.CWXTCOB_RPTFILE_FILE_01.00011: RPTFILE assertion" name="00016: Check for EMP_DTL_WAGES"/>
    <testcase classname="Unit Test.CWXTCOB_Scenario.00001: CWXTCOBCase1.CWXTCOB_RPTFILE_FILE_01.00011: RPTFILE assertion" name="00017: Check for FILLER6"/>
    <testcase classname="Unit Test.CWXTCOB_Scenario.00001: CWXTCOBCase1.CWXTCOB_RPTFILE_FILE_01.00011: RPTFILE assertion" name="00018: Check for EMP_DTL_OT"/>
    <testcase classname="Unit Test.CWXTCOB_Scenario.00001: CWXTCOBCase1.CWXTCOB_RPTFILE_FILE_01.00011: RPTFILE assertion" name="00019: Check for FILLER7"/>
    <testcase classname="Unit Test.CWXTCOB_Scenario.00001: CWXTCOBCase1.CWXTCOB_RPTFILE_FILE_01.00011: RPTFILE assertion" name="00020: Check for EMP_DTL_COMM"/>
    <testcase classname="Unit Test.CWXTCOB_Scenario.00001: CWXTCOBCase1.CWXTCOB_RPTFILE_FILE_01.00011: RPTFILE assertion" name="00021: Check for FILLER8"/>
    <testcase classname="Unit Test.CWXTCOB_Scenario.00001: CWXTCOBCase1.CWXTCOB_RPTFILE_FILE_01.00011: RPTFILE assertion" name="00022: Check for EMP_DTL_TOTAL"/>
  </testsuite>
  <testsuite errors="0" failures="12" name="Unit Test.CWXTCOB_Scenario.00001: CWXTCOBCase1.CWXTCOB_RPTFILE_FILE_01.00012: RPTFILE assertion" tests="22">
    <testcase classname="Unit Test.CWXTCOB_Scenario.00001: CWXTCOBCase1.CWXTCOB_RPTFILE_FILE_01.00012: RPTFILE assertion" name="00001: Check for FILLER0"/>
    <testcase classname="Unit Test.CWXTCOB_Scenario.00001: CWXTCOBCase1.CWXTCOB_RPTFILE_FILE_01.00012: RPTFILE assertion" name="00002: Check for EMP_DTL_NAME"/>
    <testcase classname="Unit Test.CWXTCOB_Scenario.00001: CWXTCOBCase1.CWXTCOB_RPTFILE_FILE_01.00012: RPTFILE assertion" name="00003: Check for FILLER1"/>
    <testcase classname="Unit Test.CWXTCOB_Scenario.00001: CWXTCOBCase1.CWXTCOB_RPTFILE_FILE_01.00012: RPTFILE assertion" name="00004: Check for EMP_DTL_REGION"/>
    <testcase classname="Unit Test.CWXTCOB_Scenario.00001: CWXTCOBCase1.CWXTCOB_RPTFILE_FILE_01.00012: RPTFILE assertion" name="00005: Check for FILLER2"/>
    <testcase classname="Unit Test.CWXTCOB_Scenario.00001: CWXTCOBCase1.CWXTCOB_RPTFILE_FILE_01.00012: RPTFILE assertion" name="00006: Check for EMP_DTL_TYPE"/>
    <testcase classname="Unit Test.CWXTCOB_Scenario.00001: CWXTCOBCase1.CWXTCOB_RPTFILE_FILE_01.00012: RPTFILE assertion" name="00007: Check for FILLER3"/>
    <testcase classname="Unit Test.CWXTCOB_Scenario.00001: CWXTCOBCase1.CWXTCOB_RPTFILE_FILE_01.00012: RPTFILE assertion" name="00008: Check for EMP_DTL_HIRE_MM">
      <failure>Check for EMP_DTL_HIRE_MM failed

Actual Value:    12

Expected Value:  7</failure>
    </testcase>
    <testcase classname="Unit Test.CWXTCOB_Scenario.00001: CWXTCOBCase1.CWXTCOB_RPTFILE_FILE_01.00012: RPTFILE assertion" name="00009: Check for EMP_DTL_SLASH1"/>
    <testcase classname="Unit Test.CWXTCOB_Scenario.00001: CWXTCOBCase1.CWXTCOB_RPTFILE_FILE_01.00012: RPTFILE assertion" name="00010: Check for EMP_DTL_HIRE_DD">
      <failure>Check for EMP_DTL_HIRE_DD failed

Actual Value:    31

Expected Value:  20</failure>
    </testcase>
    <testcase classname="Unit Test.CWXTCOB_Scenario.00001: CWXTCOBCase1.CWXTCOB_RPTFILE_FILE_01.00012: RPTFILE assertion" name="00011: Check for EMP_DTL_SLASH2"/>
    <testcase classname="Unit Test.CWXTCOB_Scenario.00001: CWXTCOBCase1.CWXTCOB_RPTFILE_FILE_01.00012: RPTFILE assertion" name="00012: Check for EMP_DTL_HIRE_YY">
      <failure>Check for EMP_DTL_HIRE_YY failed

Actual Value:    92

Expected Value:  89</failure>
    </testcase>
    <testcase classname="Unit Test.CWXTCOB_Scenario.00001: CWXTCOBCase1.CWXTCOB_RPTFILE_FILE_01.00012: RPTFILE assertion" name="00013: Check for FILLER4"/>
    <testcase classname="Unit Test.CWXTCOB_Scenario.00001: CWXTCOBCase1.CWXTCOB_RPTFILE_FILE_01.00012: RPTFILE assertion" name="00014: Check for EMP_DTL_YRS_OF_SERVICE">
      <failure>Check for EMP_DTL_YRS_OF_SERVICE failed

Actual Value:    28

Expected Value:  31</failure>
    </testcase>
    <testcase classname="Unit Test.CWXTCOB_Scenario.00001: CWXTCOBCase1.CWXTCOB_RPTFILE_FILE_01.00012: RPTFILE assertion" name="00015: Check for FILLER5"/>
    <testcase classname="Unit Test.CWXTCOB_Scenario.00001: CWXTCOBCase1.CWXTCOB_RPTFILE_FILE_01.00012: RPTFILE assertion" name="00016: Check for EMP_DTL_WAGES"/>
    <testcase classname="Unit Test.CWXTCOB_Scenario.00001: CWXTCOBCase1.CWXTCOB_RPTFILE_FILE_01.00012: RPTFILE assertion" name="00017: Check for FILLER6"/>
    <testcase classname="Unit Test.CWXTCOB_Scenario.00001: CWXTCOBCase1.CWXTCOB_RPTFILE_FILE_01.00012: RPTFILE assertion" name="00018: Check for EMP_DTL_OT"/>
    <testcase classname="Unit Test.CWXTCOB_Scenario.00001: CWXTCOBCase1.CWXTCOB_RPTFILE_FILE_01.00012: RPTFILE assertion" name="00019: Check for FILLER7"/>
    <testcase classname="Unit Test.CWXTCOB_Scenario.00001: CWXTCOBCase1.CWXTCOB_RPTFILE_FILE_01.00012: RPTFILE assertion" name="00020: Check for EMP_DTL_COMM"/>
    <testcase classname="Unit Test.CWXTCOB_Scenario.00001: CWXTCOBCase1.CWXTCOB_RPTFILE_FILE_01.00012: RPTFILE assertion" name="00021: Check for FILLER8"/>
    <testcase classname="Unit Test.CWXTCOB_Scenario.00001: CWXTCOBCase1.CWXTCOB_RPTFILE_FILE_01.00012: RPTFILE assertion" name="00022: Check for EMP_DTL_TOTAL"/>
  </testsuite>
  <testsuite errors="0" failures="21" name="Unit Test.CWXTCOB_Scenario.00001: CWXTCOBCase1.CWXTCOB_RPTFILE_FILE_01.00013: RPTFILE assertion" tests="22">
    <testcase classname="Unit Test.CWXTCOB_Scenario.00001: CWXTCOBCase1.CWXTCOB_RPTFILE_FILE_01.00013: RPTFILE assertion" name="00001: Check for FILLER0"/>
    <testcase classname="Unit Test.CWXTCOB_Scenario.00001: CWXTCOBCase1.CWXTCOB_RPTFILE_FILE_01.00013: RPTFILE assertion" name="00002: Check for EMP_DTL_NAME">
      <failure>Check for EMP_DTL_NAME failed

Actual Value:    MICHAEL DAYTON

Expected Value:  GAIL LAWRENCE</failure>
    </testcase>
    <testcase classname="Unit Test.CWXTCOB_Scenario.00001: CWXTCOBCase1.CWXTCOB_RPTFILE_FILE_01.00013: RPTFILE assertion" name="00003: Check for FILLER1"/>
    <testcase classname="Unit Test.CWXTCOB_Scenario.00001: CWXTCOBCase1.CWXTCOB_RPTFILE_FILE_01.00013: RPTFILE assertion" name="00004: Check for EMP_DTL_REGION"/>
    <testcase classname="Unit Test.CWXTCOB_Scenario.00001: CWXTCOBCase1.CWXTCOB_RPTFILE_FILE_01.00013: RPTFILE assertion" name="00005: Check for FILLER2"/>
    <testcase classname="Unit Test.CWXTCOB_Scenario.00001: CWXTCOBCase1.CWXTCOB_RPTFILE_FILE_01.00013: RPTFILE assertion" name="00006: Check for EMP_DTL_TYPE">
      <failure>Check for EMP_DTL_TYPE failed

Actual Value:    S

Expected Value:  H</failure>
    </testcase>
    <testcase classname="Unit Test.CWXTCOB_Scenario.00001: CWXTCOBCase1.CWXTCOB_RPTFILE_FILE_01.00013: RPTFILE assertion" name="00007: Check for FILLER3"/>
    <testcase classname="Unit Test.CWXTCOB_Scenario.00001: CWXTCOBCase1.CWXTCOB_RPTFILE_FILE_01.00013: RPTFILE assertion" name="00008: Check for EMP_DTL_HIRE_MM">
      <failure>Check for EMP_DTL_HIRE_MM failed

Actual Value:    3

Expected Value:  6</failure>
    </testcase>
    <testcase classname="Unit Test.CWXTCOB_Scenario.00001: CWXTCOBCase1.CWXTCOB_RPTFILE_FILE_01.00013: RPTFILE assertion" name="00009: Check for EMP_DTL_SLASH1"/>
    <testcase classname="Unit Test.CWXTCOB_Scenario.00001: CWXTCOBCase1.CWXTCOB_RPTFILE_FILE_01.00013: RPTFILE assertion" name="00010: Check for EMP_DTL_HIRE_DD">
      <failure>Check for EMP_DTL_HIRE_DD failed

Actual Value:    31

Expected Value:  25</failure>
    </testcase>
    <testcase classname="Unit Test.CWXTCOB_Scenario.00001: CWXTCOBCase1.CWXTCOB_RPTFILE_FILE_01.00013: RPTFILE assertion" name="00011: Check for EMP_DTL_SLASH2"/>
    <testcase classname="Unit Test.CWXTCOB_Scenario.00001: CWXTCOBCase1.CWXTCOB_RPTFILE_FILE_01.00013: RPTFILE assertion" name="00012: Check for EMP_DTL_HIRE_YY">
      <failure>Check for EMP_DTL_HIRE_YY failed

Actual Value:    87

Expected Value:  84</failure>
    </testcase>
    <testcase classname="Unit Test.CWXTCOB_Scenario.00001: CWXTCOBCase1.CWXTCOB_RPTFILE_FILE_01.00013: RPTFILE assertion" name="00013: Check for FILLER4"/>
    <testcase classname="Unit Test.CWXTCOB_Scenario.00001: CWXTCOBCase1.CWXTCOB_RPTFILE_FILE_01.00013: RPTFILE assertion" name="00014: Check for EMP_DTL_YRS_OF_SERVICE">
      <failure>Check for EMP_DTL_YRS_OF_SERVICE failed

Actual Value:    34

Expected Value:  36</failure>
    </testcase>
    <testcase classname="Unit Test.CWXTCOB_Scenario.00001: CWXTCOBCase1.CWXTCOB_RPTFILE_FILE_01.00013: RPTFILE assertion" name="00015: Check for FILLER5"/>
    <testcase classname="Unit Test.CWXTCOB_Scenario.00001: CWXTCOBCase1.CWXTCOB_RPTFILE_FILE_01.00013: RPTFILE assertion" name="00016: Check for EMP_DTL_WAGES">
      <failure>Check for EMP_DTL_WAGES failed

Actual Value:    825.00

Expected Value:  20000.00</failure>
    </testcase>
    <testcase classname="Unit Test.CWXTCOB_Scenario.00001: CWXTCOBCase1.CWXTCOB_RPTFILE_FILE_01.00013: RPTFILE assertion" name="00017: Check for FILLER6"/>
    <testcase classname="Unit Test.CWXTCOB_Scenario.00001: CWXTCOBCase1.CWXTCOB_RPTFILE_FILE_01.00013: RPTFILE assertion" name="00018: Check for EMP_DTL_OT"/>
    <testcase classname="Unit Test.CWXTCOB_Scenario.00001: CWXTCOBCase1.CWXTCOB_RPTFILE_FILE_01.00013: RPTFILE assertion" name="00019: Check for FILLER7"/>
    <testcase classname="Unit Test.CWXTCOB_Scenario.00001: CWXTCOBCase1.CWXTCOB_RPTFILE_FILE_01.00013: RPTFILE assertion" name="00020: Check for EMP_DTL_COMM">
      <failure>Check for EMP_DTL_COMM failed

Actual Value:    6000.00

Expected Value:  0.00</failure>
    </testcase>
    <testcase classname="Unit Test.CWXTCOB_Scenario.00001: CWXTCOBCase1.CWXTCOB_RPTFILE_FILE_01.00013: RPTFILE assertion" name="00021: Check for FILLER8"/>
    <testcase classname="Unit Test.CWXTCOB_Scenario.00001: CWXTCOBCase1.CWXTCOB_RPTFILE_FILE_01.00013: RPTFILE assertion" name="00022: Check for EMP_DTL_TOTAL">
      <failure>Check for EMP_DTL_TOTAL failed

Actual Value:    6825.00

Expected Value:  20000.00</failure>
    </testcase>
  </testsuite>
  <testsuite errors="0" failures="29" name="Unit Test.CWXTCOB_Scenario.00001: CWXTCOBCase1.CWXTCOB_RPTFILE_FILE_01.00014: RPTFILE assertion" tests="22">
    <testcase classname="Unit Test.CWXTCOB_Scenario.00001: CWXTCOBCase1.CWXTCOB_RPTFILE_FILE_01.00014: RPTFILE assertion" name="00001: Check for FILLER0"/>
    <testcase classname="Unit Test.CWXTCOB_Scenario.00001: CWXTCOBCase1.CWXTCOB_RPTFILE_FILE_01.00014: RPTFILE assertion" name="00002: Check for EMP_DTL_NAME">
      <failure>Check for EMP_DTL_NAME failed

Actual Value:    DENNIS WHITE

Expected Value:  MICHAEL DAYTON</failure>
    </testcase>
    <testcase classname="Unit Test.CWXTCOB_Scenario.00001: CWXTCOBCase1.CWXTCOB_RPTFILE_FILE_01.00014: RPTFILE assertion" name="00003: Check for FILLER1"/>
    <testcase classname="Unit Test.CWXTCOB_Scenario.00001: CWXTCOBCase1.CWXTCOB_RPTFILE_FILE_01.00014: RPTFILE assertion" name="00004: Check for EMP_DTL_REGION"/>
    <testcase classname="Unit Test.CWXTCOB_Scenario.00001: CWXTCOBCase1.CWXTCOB_RPTFILE_FILE_01.00014: RPTFILE assertion" name="00005: Check for FILLER2"/>
    <testcase classname="Unit Test.CWXTCOB_Scenario.00001: CWXTCOBCase1.CWXTCOB_RPTFILE_FILE_01.00014: RPTFILE assertion" name="00006: Check for EMP_DTL_TYPE"/>
    <testcase classname="Unit Test.CWXTCOB_Scenario.00001: CWXTCOBCase1.CWXTCOB_RPTFILE_FILE_01.00014: RPTFILE assertion" name="00007: Check for FILLER3"/>
    <testcase classname="Unit Test.CWXTCOB_Scenario.00001: CWXTCOBCase1.CWXTCOB_RPTFILE_FILE_01.00014: RPTFILE assertion" name="00008: Check for EMP_DTL_HIRE_MM">
      <failure>Check for EMP_DTL_HIRE_MM failed

Actual Value:    4

Expected Value:  8</failure>
    </testcase>
    <testcase classname="Unit Test.CWXTCOB_Scenario.00001: CWXTCOBCase1.CWXTCOB_RPTFILE_FILE_01.00014: RPTFILE assertion" name="00009: Check for EMP_DTL_SLASH1"/>
    <testcase classname="Unit Test.CWXTCOB_Scenario.00001: CWXTCOBCase1.CWXTCOB_RPTFILE_FILE_01.00014: RPTFILE assertion" name="00010: Check for EMP_DTL_HIRE_DD">
      <failure>Check for EMP_DTL_HIRE_DD failed

Actual Value:    5

Expected Value:  30</failure>
    </testcase>
    <testcase classname="Unit Test.CWXTCOB_Scenario.00001: CWXTCOBCase1.CWXTCOB_RPTFILE_FILE_01.00014: RPTFILE assertion" name="00011: Check for EMP_DTL_SLASH2"/>
    <testcase classname="Unit Test.CWXTCOB_Scenario.00001: CWXTCOBCase1.CWXTCOB_RPTFILE_FILE_01.00014: RPTFILE assertion" name="00012: Check for EMP_DTL_HIRE_YY">
      <failure>Check for EMP_DTL_HIRE_YY failed

Actual Value:    93

Expected Value:  82</failure>
    </testcase>
    <testcase classname="Unit Test.CWXTCOB_Scenario.00001: CWXTCOBCase1.CWXTCOB_RPTFILE_FILE_01.00014: RPTFILE assertion" name="00013: Check for FILLER4"/>
    <testcase classname="Unit Test.CWXTCOB_Scenario.00001: CWXTCOBCase1.CWXTCOB_RPTFILE_FILE_01.00014: RPTFILE assertion" name="00014: Check for EMP_DTL_YRS_OF_SERVICE">
      <failure>Check for EMP_DTL_YRS_OF_SERVICE failed

Actual Value:    28

Expected Value:  38</failure>
    </testcase>
    <testcase classname="Unit Test.CWXTCOB_Scenario.00001: CWXTCOBCase1.CWXTCOB_RPTFILE_FILE_01.00014: RPTFILE assertion" name="00015: Check for FILLER5"/>
    <testcase classname="Unit Test.CWXTCOB_Scenario.00001: CWXTCOBCase1.CWXTCOB_RPTFILE_FILE_01.00014: RPTFILE assertion" name="00016: Check for EMP_DTL_WAGES">
      <failure>Check for EMP_DTL_WAGES failed

Actual Value:    1050.00

Expected Value:  825.00</failure>
    </testcase>
    <testcase classname="Unit Test.CWXTCOB_Scenario.00001: CWXTCOBCase1.CWXTCOB_RPTFILE_FILE_01.00014: RPTFILE assertion" name="00017: Check for FILLER6"/>
    <testcase classname="Unit Test.CWXTCOB_Scenario.00001: CWXTCOBCase1.CWXTCOB_RPTFILE_FILE_01.00014: RPTFILE assertion" name="00018: Check for EMP_DTL_OT"/>
    <testcase classname="Unit Test.CWXTCOB_Scenario.00001: CWXTCOBCase1.CWXTCOB_RPTFILE_FILE_01.00014: RPTFILE assertion" name="00019: Check for FILLER7"/>
    <testcase classname="Unit Test.CWXTCOB_Scenario.00001: CWXTCOBCase1.CWXTCOB_RPTFILE_FILE_01.00014: RPTFILE assertion" name="00020: Check for EMP_DTL_COMM">
      <failure>Check for EMP_DTL_COMM failed

Actual Value:    1120.00

Expected Value:  6000.00</failure>
    </testcase>
    <testcase classname="Unit Test.CWXTCOB_Scenario.00001: CWXTCOBCase1.CWXTCOB_RPTFILE_FILE_01.00014: RPTFILE assertion" name="00021: Check for FILLER8"/>
    <testcase classname="Unit Test.CWXTCOB_Scenario.00001: CWXTCOBCase1.CWXTCOB_RPTFILE_FILE_01.00014: RPTFILE assertion" name="00022: Check for EMP_DTL_TOTAL">
      <failure>Check for EMP_DTL_TOTAL failed

Actual Value:    2170.00

Expected Value:  6825.00</failure>
    </testcase>
  </testsuite>
  <testsuite errors="0" failures="38" name="Unit Test.CWXTCOB_Scenario.00001: CWXTCOBCase1.CWXTCOB_RPTFILE_FILE_01.00015: RPTFILE assertion" tests="22">
    <testcase classname="Unit Test.CWXTCOB_Scenario.00001: CWXTCOBCase1.CWXTCOB_RPTFILE_FILE_01.00015: RPTFILE assertion" name="00001: Check for FILLER0"/>
    <testcase classname="Unit Test.CWXTCOB_Scenario.00001: CWXTCOBCase1.CWXTCOB_RPTFILE_FILE_01.00015: RPTFILE assertion" name="00002: Check for EMP_DTL_NAME">
      <failure>Check for EMP_DTL_NAME failed

Actual Value:    VALERIE OLSEN

Expected Value:  DENNIS WHITE</failure>
    </testcase>
    <testcase classname="Unit Test.CWXTCOB_Scenario.00001: CWXTCOBCase1.CWXTCOB_RPTFILE_FILE_01.00015: RPTFILE assertion" name="00003: Check for FILLER1"/>
    <testcase classname="Unit Test.CWXTCOB_Scenario.00001: CWXTCOBCase1.CWXTCOB_RPTFILE_FILE_01.00015: RPTFILE assertion" name="00004: Check for EMP_DTL_REGION">
      <failure>Check for EMP_DTL_REGION failed

Actual Value:    EAST

Expected Value:  SOUTH</failure>
    </testcase>
    <testcase classname="Unit Test.CWXTCOB_Scenario.00001: CWXTCOBCase1.CWXTCOB_RPTFILE_FILE_01.00015: RPTFILE assertion" name="00005: Check for FILLER2"/>
    <testcase classname="Unit Test.CWXTCOB_Scenario.00001: CWXTCOBCase1.CWXTCOB_RPTFILE_FILE_01.00015: RPTFILE assertion" name="00006: Check for EMP_DTL_TYPE"/>
    <testcase classname="Unit Test.CWXTCOB_Scenario.00001: CWXTCOBCase1.CWXTCOB_RPTFILE_FILE_01.00015: RPTFILE assertion" name="00007: Check for FILLER3"/>
    <testcase classname="Unit Test.CWXTCOB_Scenario.00001: CWXTCOBCase1.CWXTCOB_RPTFILE_FILE_01.00015: RPTFILE assertion" name="00008: Check for EMP_DTL_HIRE_MM">
      <failure>Check for EMP_DTL_HIRE_MM failed

Actual Value:    10

Expected Value:  2</failure>
    </testcase>
    <testcase classname="Unit Test.CWXTCOB_Scenario.00001: CWXTCOBCase1.CWXTCOB_RPTFILE_FILE_01.00015: RPTFILE assertion" name="00009: Check for EMP_DTL_SLASH1"/>
    <testcase classname="Unit Test.CWXTCOB_Scenario.00001: CWXTCOBCase1.CWXTCOB_RPTFILE_FILE_01.00015: RPTFILE assertion" name="00010: Check for EMP_DTL_HIRE_DD">
      <failure>Check for EMP_DTL_HIRE_DD failed

Actual Value:    15

Expected Value:  29</failure>
    </testcase>
    <testcase classname="Unit Test.CWXTCOB_Scenario.00001: CWXTCOBCase1.CWXTCOB_RPTFILE_FILE_01.00015: RPTFILE assertion" name="00011: Check for EMP_DTL_SLASH2"/>
    <testcase classname="Unit Test.CWXTCOB_Scenario.00001: CWXTCOBCase1.CWXTCOB_RPTFILE_FILE_01.00015: RPTFILE assertion" name="00012: Check for EMP_DTL_HIRE_YY">
      <failure>Check for EMP_DTL_HIRE_YY failed

Actual Value:    81

Expected Value:  88</failure>
    </testcase>
    <testcase classname="Unit Test.CWXTCOB_Scenario.00001: CWXTCOBCase1.CWXTCOB_RPTFILE_FILE_01.00015: RPTFILE assertion" name="00013: Check for FILLER4"/>
    <testcase classname="Unit Test.CWXTCOB_Scenario.00001: CWXTCOBCase1.CWXTCOB_RPTFILE_FILE_01.00015: RPTFILE assertion" name="00014: Check for EMP_DTL_YRS_OF_SERVICE">
      <failure>Check for EMP_DTL_YRS_OF_SERVICE failed

Actual Value:    39

Expected Value:  33</failure>
    </testcase>
    <testcase classname="Unit Test.CWXTCOB_Scenario.00001: CWXTCOBCase1.CWXTCOB_RPTFILE_FILE_01.00015: RPTFILE assertion" name="00015: Check for FILLER5"/>
    <testcase classname="Unit Test.CWXTCOB_Scenario.00001: CWXTCOBCase1.CWXTCOB_RPTFILE_FILE_01.00015: RPTFILE assertion" name="00016: Check for EMP_DTL_WAGES">
      <failure>Check for EMP_DTL_WAGES failed

Actual Value:    900.00

Expected Value:  1050.00</failure>
    </testcase>
    <testcase classname="Unit Test.CWXTCOB_Scenario.00001: CWXTCOBCase1.CWXTCOB_RPTFILE_FILE_01.00015: RPTFILE assertion" name="00017: Check for FILLER6"/>
    <testcase classname="Unit Test.CWXTCOB_Scenario.00001: CWXTCOBCase1.CWXTCOB_RPTFILE_FILE_01.00015: RPTFILE assertion" name="00018: Check for EMP_DTL_OT"/>
    <testcase classname="Unit Test.CWXTCOB_Scenario.00001: CWXTCOBCase1.CWXTCOB_RPTFILE_FILE_01.00015: RPTFILE assertion" name="00019: Check for FILLER7"/>
    <testcase classname="Unit Test.CWXTCOB_Scenario.00001: CWXTCOBCase1.CWXTCOB_RPTFILE_FILE_01.00015: RPTFILE assertion" name="00020: Check for EMP_DTL_COMM">
      <failure>Check for EMP_DTL_COMM failed

Actual Value:    5600.00

Expected Value:  1120.00</failure>
    </testcase>
    <testcase classname="Unit Test.CWXTCOB_Scenario.00001: CWXTCOBCase1.CWXTCOB_RPTFILE_FILE_01.00015: RPTFILE assertion" name="00021: Check for FILLER8"/>
    <testcase classname="Unit Test.CWXTCOB_Scenario.00001: CWXTCOBCase1.CWXTCOB_RPTFILE_FILE_01.00015: RPTFILE assertion" name="00022: Check for EMP_DTL_TOTAL">
      <failure>Check for EMP_DTL_TOTAL failed

Actual Value:    6500.00

Expected Value:  2170.00</failure>
    </testcase>
  </testsuite>
  <testsuite errors="0" failures="42" name="Unit Test.CWXTCOB_Scenario.00001: CWXTCOBCase1.CWXTCOB_RPTFILE_FILE_01.00016: RPTFILE assertion" tests="22">
    <testcase classname="Unit Test.CWXTCOB_Scenario.00001: CWXTCOBCase1.CWXTCOB_RPTFILE_FILE_01.00016: RPTFILE assertion" name="00001: Check for FILLER0"/>
    <testcase classname="Unit Test.CWXTCOB_Scenario.00001: CWXTCOBCase1.CWXTCOB_RPTFILE_FILE_01.00016: RPTFILE assertion" name="00002: Check for EMP_DTL_NAME">
      <failure>Check for EMP_DTL_NAME failed

Actual Value:    LAURA MARTIN

Expected Value:  VALERIE OLSEN</failure>
    </testcase>
    <testcase classname="Unit Test.CWXTCOB_Scenario.00001: CWXTCOBCase1.CWXTCOB_RPTFILE_FILE_01.00016: RPTFILE assertion" name="00003: Check for FILLER1"/>
    <testcase classname="Unit Test.CWXTCOB_Scenario.00001: CWXTCOBCase1.CWXTCOB_RPTFILE_FILE_01.00016: RPTFILE assertion" name="00004: Check for EMP_DTL_REGION"/>
    <testcase classname="Unit Test.CWXTCOB_Scenario.00001: CWXTCOBCase1.CWXTCOB_RPTFILE_FILE_01.00016: RPTFILE assertion" name="00005: Check for FILLER2"/>
    <testcase classname="Unit Test.CWXTCOB_Scenario.00001: CWXTCOBCase1.CWXTCOB_RPTFILE_FILE_01.00016: RPTFILE assertion" name="00006: Check for EMP_DTL_TYPE"/>
    <testcase classname="Unit Test.CWXTCOB_Scenario.00001: CWXTCOBCase1.CWXTCOB_RPTFILE_FILE_01.00016: RPTFILE assertion" name="00007: Check for FILLER3"/>
    <testcase classname="Unit Test.CWXTCOB_Scenario.00001: CWXTCOBCase1.CWXTCOB_RPTFILE_FILE_01.00016: RPTFILE assertion" name="00008: Check for EMP_DTL_HIRE_MM"/>
    <testcase classname="Unit Test.CWXTCOB_Scenario.00001: CWXTCOBCase1.CWXTCOB_RPTFILE_FILE_01.00016: RPTFILE assertion" name="00009: Check for EMP_DTL_SLASH1"/>
    <testcase classname="Unit Test.CWXTCOB_Scenario.00001: CWXTCOBCase1.CWXTCOB_RPTFILE_FILE_01.00016: RPTFILE assertion" name="00010: Check for EMP_DTL_HIRE_DD"/>
    <testcase classname="Unit Test.CWXTCOB_Scenario.00001: CWXTCOBCase1.CWXTCOB_RPTFILE_FILE_01.00016: RPTFILE assertion" name="00011: Check for EMP_DTL_SLASH2"/>
    <testcase classname="Unit Test.CWXTCOB_Scenario.00001: CWXTCOBCase1.CWXTCOB_RPTFILE_FILE_01.00016: RPTFILE assertion" name="00012: Check for EMP_DTL_HIRE_YY"/>
    <testcase classname="Unit Test.CWXTCOB_Scenario.00001: CWXTCOBCase1.CWXTCOB_RPTFILE_FILE_01.00016: RPTFILE assertion" name="00013: Check for FILLER4"/>
    <testcase classname="Unit Test.CWXTCOB_Scenario.00001: CWXTCOBCase1.CWXTCOB_RPTFILE_FILE_01.00016: RPTFILE assertion" name="00014: Check for EMP_DTL_YRS_OF_SERVICE"/>
    <testcase classname="Unit Test.CWXTCOB_Scenario.00001: CWXTCOBCase1.CWXTCOB_RPTFILE_FILE_01.00016: RPTFILE assertion" name="00015: Check for FILLER5"/>
    <testcase classname="Unit Test.CWXTCOB_Scenario.00001: CWXTCOBCase1.CWXTCOB_RPTFILE_FILE_01.00016: RPTFILE assertion" name="00016: Check for EMP_DTL_WAGES">
      <failure>Check for EMP_DTL_WAGES failed

Actual Value:    1225.00

Expected Value:  900.00</failure>
    </testcase>
    <testcase classname="Unit Test.CWXTCOB_Scenario.00001: CWXTCOBCase1.CWXTCOB_RPTFILE_FILE_01.00016: RPTFILE assertion" name="00017: Check for FILLER6"/>
    <testcase classname="Unit Test.CWXTCOB_Scenario.00001: CWXTCOBCase1.CWXTCOB_RPTFILE_FILE_01.00016: RPTFILE assertion" name="00018: Check for EMP_DTL_OT"/>
    <testcase classname="Unit Test.CWXTCOB_Scenario.00001: CWXTCOBCase1.CWXTCOB_RPTFILE_FILE_01.00016: RPTFILE assertion" name="00019: Check for FILLER7"/>
    <testcase classname="Unit Test.CWXTCOB_Scenario.00001: CWXTCOBCase1.CWXTCOB_RPTFILE_FILE_01.00016: RPTFILE assertion" name="00020: Check for EMP_DTL_COMM">
      <failure>Check for EMP_DTL_COMM failed

Actual Value:    6000.00

Expected Value:  5600.00</failure>
    </testcase>
    <testcase classname="Unit Test.CWXTCOB_Scenario.00001: CWXTCOBCase1.CWXTCOB_RPTFILE_FILE_01.00016: RPTFILE assertion" name="00021: Check for FILLER8"/>
    <testcase classname="Unit Test.CWXTCOB_Scenario.00001: CWXTCOBCase1.CWXTCOB_RPTFILE_FILE_01.00016: RPTFILE assertion" name="00022: Check for EMP_DTL_TOTAL">
      <failure>Check for EMP_DTL_TOTAL failed

Actual Value:    7225.00

Expected Value:  6500.00</failure>
    </testcase>
  </testsuite>
  <testsuite errors="0" failures="52" name="Unit Test.CWXTCOB_Scenario.00001: CWXTCOBCase1.CWXTCOB_RPTFILE_FILE_01.00017: RPTFILE assertion" tests="22">
    <testcase classname="Unit Test.CWXTCOB_Scenario.00001: CWXTCOBCase1.CWXTCOB_RPTFILE_FILE_01.00017: RPTFILE assertion" name="00001: Check for FILLER0"/>
    <testcase classname="Unit Test.CWXTCOB_Scenario.00001: CWXTCOBCase1.CWXTCOB_RPTFILE_FILE_01.00017: RPTFILE assertion" name="00002: Check for EMP_DTL_NAME">
      <failure>Check for EMP_DTL_NAME failed

Actual Value:    MARCIA SULLIVAN

Expected Value:  LAURA MARTIN</failure>
    </testcase>
    <testcase classname="Unit Test.CWXTCOB_Scenario.00001: CWXTCOBCase1.CWXTCOB_RPTFILE_FILE_01.00017: RPTFILE assertion" name="00003: Check for FILLER1"/>
    <testcase classname="Unit Test.CWXTCOB_Scenario.00001: CWXTCOBCase1.CWXTCOB_RPTFILE_FILE_01.00017: RPTFILE assertion" name="00004: Check for EMP_DTL_REGION"/>
    <testcase classname="Unit Test.CWXTCOB_Scenario.00001: CWXTCOBCase1.CWXTCOB_RPTFILE_FILE_01.00017: RPTFILE assertion" name="00005: Check for FILLER2"/>
    <testcase classname="Unit Test.CWXTCOB_Scenario.00001: CWXTCOBCase1.CWXTCOB_RPTFILE_FILE_01.00017: RPTFILE assertion" name="00006: Check for EMP_DTL_TYPE">
      <failure>Check for EMP_DTL_TYPE failed

Actual Value:    H

Expected Value:  S</failure>
    </testcase>
    <testcase classname="Unit Test.CWXTCOB_Scenario.00001: CWXTCOBCase1.CWXTCOB_RPTFILE_FILE_01.00017: RPTFILE assertion" name="00007: Check for FILLER3"/>
    <testcase classname="Unit Test.CWXTCOB_Scenario.00001: CWXTCOBCase1.CWXTCOB_RPTFILE_FILE_01.00017: RPTFILE assertion" name="00008: Check for EMP_DTL_HIRE_MM">
      <failure>Check for EMP_DTL_HIRE_MM failed

Actual Value:    11

Expected Value:  6</failure>
    </testcase>
    <testcase classname="Unit Test.CWXTCOB_Scenario.00001: CWXTCOBCase1.CWXTCOB_RPTFILE_FILE_01.00017: RPTFILE assertion" name="00009: Check for EMP_DTL_SLASH1"/>
    <testcase classname="Unit Test.CWXTCOB_Scenario.00001: CWXTCOBCase1.CWXTCOB_RPTFILE_FILE_01.00017: RPTFILE assertion" name="00010: Check for EMP_DTL_HIRE_DD">
      <failure>Check for EMP_DTL_HIRE_DD failed

Actual Value:    11

Expected Value:  14</failure>
    </testcase>
    <testcase classname="Unit Test.CWXTCOB_Scenario.00001: CWXTCOBCase1.CWXTCOB_RPTFILE_FILE_01.00017: RPTFILE assertion" name="00011: Check for EMP_DTL_SLASH2"/>
    <testcase classname="Unit Test.CWXTCOB_Scenario.00001: CWXTCOBCase1.CWXTCOB_RPTFILE_FILE_01.00017: RPTFILE assertion" name="00012: Check for EMP_DTL_HIRE_YY">
      <failure>Check for EMP_DTL_HIRE_YY failed

Actual Value:    81

Expected Value:  83</failure>
    </testcase>
    <testcase classname="Unit Test.CWXTCOB_Scenario.00001: CWXTCOBCase1.CWXTCOB_RPTFILE_FILE_01.00017: RPTFILE assertion" name="00013: Check for FILLER4"/>
    <testcase classname="Unit Test.CWXTCOB_Scenario.00001: CWXTCOBCase1.CWXTCOB_RPTFILE_FILE_01.00017: RPTFILE assertion" name="00014: Check for EMP_DTL_YRS_OF_SERVICE">
      <failure>Check for EMP_DTL_YRS_OF_SERVICE failed

Actual Value:    39

Expected Value:  37</failure>
    </testcase>
    <testcase classname="Unit Test.CWXTCOB_Scenario.00001: CWXTCOBCase1.CWXTCOB_RPTFILE_FILE_01.00017: RPTFILE assertion" name="00015: Check for FILLER5"/>
    <testcase classname="Unit Test.CWXTCOB_Scenario.00001: CWXTCOBCase1.CWXTCOB_RPTFILE_FILE_01.00017: RPTFILE assertion" name="00016: Check for EMP_DTL_WAGES">
      <failure>Check for EMP_DTL_WAGES failed

Actual Value:    1200.00

Expected Value:  1225.00</failure>
    </testcase>
    <testcase classname="Unit Test.CWXTCOB_Scenario.00001: CWXTCOBCase1.CWXTCOB_RPTFILE_FILE_01.00017: RPTFILE assertion" name="00017: Check for FILLER6"/>
    <testcase classname="Unit Test.CWXTCOB_Scenario.00001: CWXTCOBCase1.CWXTCOB_RPTFILE_FILE_01.00017: RPTFILE assertion" name="00018: Check for EMP_DTL_OT">
      <failure>Check for EMP_DTL_OT failed

Actual Value:    180.00

Expected Value:  0.00</failure>
    </testcase>
    <testcase classname="Unit Test.CWXTCOB_Scenario.00001: CWXTCOBCase1.CWXTCOB_RPTFILE_FILE_01.00017: RPTFILE assertion" name="00019: Check for FILLER7"/>
    <testcase classname="Unit Test.CWXTCOB_Scenario.00001: CWXTCOBCase1.CWXTCOB_RPTFILE_FILE_01.00017: RPTFILE assertion" name="00020: Check for EMP_DTL_COMM">
      <failure>Check for EMP_DTL_COMM failed

Actual Value:    0.00

Expected Value:  6000.00</failure>
    </testcase>
    <testcase classname="Unit Test.CWXTCOB_Scenario.00001: CWXTCOBCase1.CWXTCOB_RPTFILE_FILE_01.00017: RPTFILE assertion" name="00021: Check for FILLER8"/>
    <testcase classname="Unit Test.CWXTCOB_Scenario.00001: CWXTCOBCase1.CWXTCOB_RPTFILE_FILE_01.00017: RPTFILE assertion" name="00022: Check for EMP_DTL_TOTAL">
      <failure>Check for EMP_DTL_TOTAL failed

Actual Value:    1380.00

Expected Value:  7225.00</failure>
    </testcase>
  </testsuite>
  <testsuite errors="0" failures="60" name="Unit Test.CWXTCOB_Scenario.00001: CWXTCOBCase1.CWXTCOB_RPTFILE_FILE_01.00018: RPTFILE assertion" tests="22">
    <testcase classname="Unit Test.CWXTCOB_Scenario.00001: CWXTCOBCase1.CWXTCOB_RPTFILE_FILE_01.00018: RPTFILE assertion" name="00001: Check for FILLER0"/>
    <testcase classname="Unit Test.CWXTCOB_Scenario.00001: CWXTCOBCase1.CWXTCOB_RPTFILE_FILE_01.00018: RPTFILE assertion" name="00002: Check for EMP_DTL_NAME">
      <failure>Check for EMP_DTL_NAME failed

Actual Value:    JAMES MORRISON

Expected Value:  MARCIA SULLIVAN</failure>
    </testcase>
    <testcase classname="Unit Test.CWXTCOB_Scenario.00001: CWXTCOBCase1.CWXTCOB_RPTFILE_FILE_01.00018: RPTFILE assertion" name="00003: Check for FILLER1"/>
    <testcase classname="Unit Test.CWXTCOB_Scenario.00001: CWXTCOBCase1.CWXTCOB_RPTFILE_FILE_01.00018: RPTFILE assertion" name="00004: Check for EMP_DTL_REGION"/>
    <testcase classname="Unit Test.CWXTCOB_Scenario.00001: CWXTCOBCase1.CWXTCOB_RPTFILE_FILE_01.00018: RPTFILE assertion" name="00005: Check for FILLER2"/>
    <testcase classname="Unit Test.CWXTCOB_Scenario.00001: CWXTCOBCase1.CWXTCOB_RPTFILE_FILE_01.00018: RPTFILE assertion" name="00006: Check for EMP_DTL_TYPE"/>
    <testcase classname="Unit Test.CWXTCOB_Scenario.00001: CWXTCOBCase1.CWXTCOB_RPTFILE_FILE_01.00018: RPTFILE assertion" name="00007: Check for FILLER3"/>
    <testcase classname="Unit Test.CWXTCOB_Scenario.00001: CWXTCOBCase1.CWXTCOB_RPTFILE_FILE_01.00018: RPTFILE assertion" name="00008: Check for EMP_DTL_HIRE_MM">
      <failure>Check for EMP_DTL_HIRE_MM failed

Actual Value:    8

Expected Value:  4</failure>
    </testcase>
    <testcase classname="Unit Test.CWXTCOB_Scenario.00001: CWXTCOBCase1.CWXTCOB_RPTFILE_FILE_01.00018: RPTFILE assertion" name="00009: Check for EMP_DTL_SLASH1"/>
    <testcase classname="Unit Test.CWXTCOB_Scenario.00001: CWXTCOBCase1.CWXTCOB_RPTFILE_FILE_01.00018: RPTFILE assertion" name="00010: Check for EMP_DTL_HIRE_DD">
      <failure>Check for EMP_DTL_HIRE_DD failed

Actual Value:    30

Expected Value:  5</failure>
    </testcase>
    <testcase classname="Unit Test.CWXTCOB_Scenario.00001: CWXTCOBCase1.CWXTCOB_RPTFILE_FILE_01.00018: RPTFILE assertion" name="00011: Check for EMP_DTL_SLASH2"/>
    <testcase classname="Unit Test.CWXTCOB_Scenario.00001: CWXTCOBCase1.CWXTCOB_RPTFILE_FILE_01.00018: RPTFILE assertion" name="00012: Check for EMP_DTL_HIRE_YY">
      <failure>Check for EMP_DTL_HIRE_YY failed

Actual Value:    82

Expected Value:  93</failure>
    </testcase>
    <testcase classname="Unit Test.CWXTCOB_Scenario.00001: CWXTCOBCase1.CWXTCOB_RPTFILE_FILE_01.00018: RPTFILE assertion" name="00013: Check for FILLER4"/>
    <testcase classname="Unit Test.CWXTCOB_Scenario.00001: CWXTCOBCase1.CWXTCOB_RPTFILE_FILE_01.00018: RPTFILE assertion" name="00014: Check for EMP_DTL_YRS_OF_SERVICE">
      <failure>Check for EMP_DTL_YRS_OF_SERVICE failed

Actual Value:    38

Expected Value:  28</failure>
    </testcase>
    <testcase classname="Unit Test.CWXTCOB_Scenario.00001: CWXTCOBCase1.CWXTCOB_RPTFILE_FILE_01.00018: RPTFILE assertion" name="00015: Check for FILLER5"/>
    <testcase classname="Unit Test.CWXTCOB_Scenario.00001: CWXTCOBCase1.CWXTCOB_RPTFILE_FILE_01.00018: RPTFILE assertion" name="00016: Check for EMP_DTL_WAGES">
      <failure>Check for EMP_DTL_WAGES failed

Actual Value:    1017.50

Expected Value:  1200.00</failure>
    </testcase>
    <testcase classname="Unit Test.CWXTCOB_Scenario.00001: CWXTCOBCase1.CWXTCOB_RPTFILE_FILE_01.00018: RPTFILE assertion" name="00017: Check for FILLER6"/>
    <testcase classname="Unit Test.CWXTCOB_Scenario.00001: CWXTCOBCase1.CWXTCOB_RPTFILE_FILE_01.00018: RPTFILE assertion" name="00018: Check for EMP_DTL_OT">
      <failure>Check for EMP_DTL_OT failed

Actual Value:    0.00

Expected Value:  180.00</failure>
    </testcase>
    <testcase classname="Unit Test.CWXTCOB_Scenario.00001: CWXTCOBCase1.CWXTCOB_RPTFILE_FILE_01.00018: RPTFILE assertion" name="00019: Check for FILLER7"/>
    <testcase classname="Unit Test.CWXTCOB_Scenario.00001: CWXTCOBCase1.CWXTCOB_RPTFILE_FILE_01.00018: RPTFILE assertion" name="00020: Check for EMP_DTL_COMM"/>
    <testcase classname="Unit Test.CWXTCOB_Scenario.00001: CWXTCOBCase1.CWXTCOB_RPTFILE_FILE_01.00018: RPTFILE assertion" name="00021: Check for FILLER8"/>
    <testcase classname="Unit Test.CWXTCOB_Scenario.00001: CWXTCOBCase1.CWXTCOB_RPTFILE_FILE_01.00018: RPTFILE assertion" name="00022: Check for EMP_DTL_TOTAL">
      <failure>Check for EMP_DTL_TOTAL failed

Actual Value:    1017.50

Expected Value:  1380.00</failure>
    </testcase>
  </testsuite>
  <testsuite errors="0" failures="68" name="Unit Test.CWXTCOB_Scenario.00001: CWXTCOBCase1.CWXTCOB_RPTFILE_FILE_01.00019: RPTFILE assertion" tests="22">
    <testcase classname="Unit Test.CWXTCOB_Scenario.00001: CWXTCOBCase1.CWXTCOB_RPTFILE_FILE_01.00019: RPTFILE assertion" name="00001: Check for FILLER0"/>
    <testcase classname="Unit Test.CWXTCOB_Scenario.00001: CWXTCOBCase1.CWXTCOB_RPTFILE_FILE_01.00019: RPTFILE assertion" name="00002: Check for EMP_DTL_NAME">
      <failure>Check for EMP_DTL_NAME failed

Actual Value:    THOMAS LONG

Expected Value:  JAMES MORRISON</failure>
    </testcase>
    <testcase classname="Unit Test.CWXTCOB_Scenario.00001: CWXTCOBCase1.CWXTCOB_RPTFILE_FILE_01.00019: RPTFILE assertion" name="00003: Check for FILLER1"/>
    <testcase classname="Unit Test.CWXTCOB_Scenario.00001: CWXTCOBCase1.CWXTCOB_RPTFILE_FILE_01.00019: RPTFILE assertion" name="00004: Check for EMP_DTL_REGION">
      <failure>Check for EMP_DTL_REGION failed

Actual Value:    WEST

Expected Value:  EAST</failure>
    </testcase>
    <testcase classname="Unit Test.CWXTCOB_Scenario.00001: CWXTCOBCase1.CWXTCOB_RPTFILE_FILE_01.00019: RPTFILE assertion" name="00005: Check for FILLER2"/>
    <testcase classname="Unit Test.CWXTCOB_Scenario.00001: CWXTCOBCase1.CWXTCOB_RPTFILE_FILE_01.00019: RPTFILE assertion" name="00006: Check for EMP_DTL_TYPE"/>
    <testcase classname="Unit Test.CWXTCOB_Scenario.00001: CWXTCOBCase1.CWXTCOB_RPTFILE_FILE_01.00019: RPTFILE assertion" name="00007: Check for FILLER3"/>
    <testcase classname="Unit Test.CWXTCOB_Scenario.00001: CWXTCOBCase1.CWXTCOB_RPTFILE_FILE_01.00019: RPTFILE assertion" name="00008: Check for EMP_DTL_HIRE_MM">
      <failure>Check for EMP_DTL_HIRE_MM failed

Actual Value:    7

Expected Value:  9</failure>
    </testcase>
    <testcase classname="Unit Test.CWXTCOB_Scenario.00001: CWXTCOBCase1.CWXTCOB_RPTFILE_FILE_01.00019: RPTFILE assertion" name="00009: Check for EMP_DTL_SLASH1"/>
    <testcase classname="Unit Test.CWXTCOB_Scenario.00001: CWXTCOBCase1.CWXTCOB_RPTFILE_FILE_01.00019: RPTFILE assertion" name="00010: Check for EMP_DTL_HIRE_DD">
      <failure>Check for EMP_DTL_HIRE_DD failed

Actual Value:    20

Expected Value:  13</failure>
    </testcase>
    <testcase classname="Unit Test.CWXTCOB_Scenario.00001: CWXTCOBCase1.CWXTCOB_RPTFILE_FILE_01.00019: RPTFILE assertion" name="00011: Check for EMP_DTL_SLASH2"/>
    <testcase classname="Unit Test.CWXTCOB_Scenario.00001: CWXTCOBCase1.CWXTCOB_RPTFILE_FILE_01.00019: RPTFILE assertion" name="00012: Check for EMP_DTL_HIRE_YY">
      <failure>Check for EMP_DTL_HIRE_YY failed

Actual Value:    89

Expected Value:  91</failure>
    </testcase>
    <testcase classname="Unit Test.CWXTCOB_Scenario.00001: CWXTCOBCase1.CWXTCOB_RPTFILE_FILE_01.00019: RPTFILE assertion" name="00013: Check for FILLER4"/>
    <testcase classname="Unit Test.CWXTCOB_Scenario.00001: CWXTCOBCase1.CWXTCOB_RPTFILE_FILE_01.00019: RPTFILE assertion" name="00014: Check for EMP_DTL_YRS_OF_SERVICE">
      <failure>Check for EMP_DTL_YRS_OF_SERVICE failed

Actual Value:    31

Expected Value:  29</failure>
    </testcase>
    <testcase classname="Unit Test.CWXTCOB_Scenario.00001: CWXTCOBCase1.CWXTCOB_RPTFILE_FILE_01.00019: RPTFILE assertion" name="00015: Check for FILLER5"/>
    <testcase classname="Unit Test.CWXTCOB_Scenario.00001: CWXTCOBCase1.CWXTCOB_RPTFILE_FILE_01.00019: RPTFILE assertion" name="00016: Check for EMP_DTL_WAGES">
      <failure>Check for EMP_DTL_WAGES failed

Actual Value:    1000.00

Expected Value:  1017.50</failure>
    </testcase>
    <testcase classname="Unit Test.CWXTCOB_Scenario.00001: CWXTCOBCase1.CWXTCOB_RPTFILE_FILE_01.00019: RPTFILE assertion" name="00017: Check for FILLER6"/>
    <testcase classname="Unit Test.CWXTCOB_Scenario.00001: CWXTCOBCase1.CWXTCOB_RPTFILE_FILE_01.00019: RPTFILE assertion" name="00018: Check for EMP_DTL_OT"/>
    <testcase classname="Unit Test.CWXTCOB_Scenario.00001: CWXTCOBCase1.CWXTCOB_RPTFILE_FILE_01.00019: RPTFILE assertion" name="00019: Check for FILLER7"/>
    <testcase classname="Unit Test.CWXTCOB_Scenario.00001: CWXTCOBCase1.CWXTCOB_RPTFILE_FILE_01.00019: RPTFILE assertion" name="00020: Check for EMP_DTL_COMM"/>
    <testcase classname="Unit Test.CWXTCOB_Scenario.00001: CWXTCOBCase1.CWXTCOB_RPTFILE_FILE_01.00019: RPTFILE assertion" name="00021: Check for FILLER8"/>
    <testcase classname="Unit Test.CWXTCOB_Scenario.00001: CWXTCOBCase1.CWXTCOB_RPTFILE_FILE_01.00019: RPTFILE assertion" name="00022: Check for EMP_DTL_TOTAL">
      <failure>Check for EMP_DTL_TOTAL failed

Actual Value:    1000.00

Expected Value:  1017.50</failure>
    </testcase>
  </testsuite>
  <testsuite errors="0" failures="76" name="Unit Test.CWXTCOB_Scenario.00001: CWXTCOBCase1.CWXTCOB_RPTFILE_FILE_01.00020: RPTFILE assertion" tests="22">
[...]
    <testcase classname="Unit Test.CWXTCOB_Scenario.00001: CWXTCOBCase1.CWXTCOB_RPTFILE_FILE_01.00020: RPTFILE assertion" name="00004: Check for EMP_DTL_REGION"/>
    <testcase classname="Unit Test.CWXTCOB_Scenario.00001: CWXTCOBCase1.CWXTCOB_RPTFILE_FILE_01.00020: RPTFILE assertion" name="00005: Check for FILLER2"/>
    <testcase classname="Unit Test.CWXTCOB_Scenario.00001: CWXTCOBCase1.CWXTCOB_RPTFILE_FILE_01.00020: RPTFILE assertion" name="00006: Check for EMP_DTL_TYPE">
      <failure>Check for EMP_DTL_TYPE failed

Actual Value:    S

Expected Value:  H</failure>
    </testcase>
    <testcase classname="Unit Test.CWXTCOB_Scenario.00001: CWXTCOBCase1.CWXTCOB_RPTFILE_FILE_01.00020: RPTFILE assertion" name="00007: Check for FILLER3"/>
    <testcase classname="Unit Test.CWXTCOB_Scenario.00001: CWXTCOBCase1.CWXTCOB_RPTFILE_FILE_01.00020: RPTFILE assertion" name="00008: Check for EMP_DTL_HIRE_MM">
      <failure>Check for EMP_DTL_HIRE_MM failed

Actual Value:    6

Expected Value:  3</failure>
    </testcase>
    <testcase classname="Unit Test.CWXTCOB_Scenario.00001: CWXTCOBCase1.CWXTCOB_RPTFILE_FILE_01.00020: RPTFILE assertion" name="00009: Check for EMP_DTL_SLASH1"/>
    <testcase classname="Unit Test.CWXTCOB_Scenario.00001: CWXTCOBCase1.CWXTCOB_RPTFILE_FILE_01.00020: RPTFILE assertion" name="00010: Check for EMP_DTL_HIRE_DD">
      <failure>Check for EMP_DTL_HIRE_DD failed

Actual Value:    14

Expected Value:  31</failure>
    </testcase>
    <testcase classname="Unit Test.CWXTCOB_Scenario.00001: CWXTCOBCase1.CWXTCOB_RPTFILE_FILE_01.00020: RPTFILE assertion" name="00011: Check for EMP_DTL_SLASH2"/>
    <testcase classname="Unit Test.CWXTCOB_Scenario.00001: CWXTCOBCase1.CWXTCOB_RPTFILE_FILE_01.00020: RPTFILE assertion" name="00012: Check for EMP_DTL_HIRE_YY">
      <failure>Check for EMP_DTL_HIRE_YY failed

Actual Value:    83

Expected Value:  87</failure>
    </testcase>
    <testcase classname="Unit Test.CWXTCOB_Scenario.00001: CWXTCOBCase1.CWXTCOB_RPTFILE_FILE_01.00020: RPTFILE assertion" name="00013: Check for FILLER4"/>
    <testcase classname="Unit Test.CWXTCOB_Scenario.00001: CWXTCOBCase1.CWXTCOB_RPTFILE_FILE_01.00020: RPTFILE assertion" name="00014: Check for EMP_DTL_YRS_OF_SERVICE">
      <failure>Check for EMP_DTL_YRS_OF_SERVICE failed

Actual Value:    37

Expected Value:  34</failure>
    </testcase>
    <testcase classname="Unit Test.CWXTCOB_Scenario.00001: CWXTCOBCase1.CWXTCOB_RPTFILE_FILE_01.00020: RPTFILE assertion" name="00015: Check for FILLER5"/>
    <testcase classname="Unit Test.CWXTCOB_Scenario.00001: CWXTCOBCase1.CWXTCOB_RPTFILE_FILE_01.00020: RPTFILE assertion" name="00016: Check for EMP_DTL_WAGES"/>
    <testcase classname="Unit Test.CWXTCOB_Scenario.00001: CWXTCOBCase1.CWXTCOB_RPTFILE_FILE_01.00020: RPTFILE assertion" name="00017: Check for FILLER6"/>
    <testcase classname="Unit Test.CWXTCOB_Scenario.00001: CWXTCOBCase1.CWXTCOB_RPTFILE_FILE_01.00020: RPTFILE assertion" name="00018: Check for EMP_DTL_OT"/>
    <testcase classname="Unit Test.CWXTCOB_Scenario.00001: CWXTCOBCase1.CWXTCOB_RPTFILE_FILE_01.00020: RPTFILE assertion" name="00019: Check for FILLER7"/>
    <testcase classname="Unit Test.CWXTCOB_Scenario.00001: CWXTCOBCase1.CWXTCOB_RPTFILE_FILE_01.00020: RPTFILE assertion" name="00020: Check for EMP_DTL_COMM">
      <failure>Check for EMP_DTL_COMM failed

Actual Value:    3333.00

Expected Value:  0.00</failure>
    </testcase>
    <testcase classname="Unit Test.CWXTCOB_Scenario.00001: CWXTCOBCase1.CWXTCOB_RPTFILE_FILE_01.00020: RPTFILE assertion" name="00021: Check for FILLER8"/>
    <testcase classname="Unit Test.CWXTCOB_Scenario.00001: CWXTCOBCase1.CWXTCOB_RPTFILE_FILE_01.00020: RPTFILE assertion" name="00022: Check for EMP_DTL_TOTAL">
      <failure>Check for EMP_DTL_TOTAL failed

Actual Value:    4333.00

Expected Value:  1000.00</failure>
    </testcase>
  </testsuite>
  <testsuite errors="0" failures="86" name="Unit Test.CWXTCOB_Scenario.00001: CWXTCOBCase1.CWXTCOB_RPTFILE_FILE_01.00021: RPTFILE assertion" tests="22">
    <testcase classname="Unit Test.CWXTCOB_Scenario.00001: CWXTCOBCase1.CWXTCOB_RPTFILE_FILE_01.00021: RPTFILE assertion" name="00001: Check for FILLER0"/>
    <testcase classname="Unit Test.CWXTCOB_Scenario.00001: CWXTCOBCase1.CWXTCOB_RPTFILE_FILE_01.00021: RPTFILE assertion" name="00002: Check for EMP_DTL_NAME">
      <failure>Check for EMP_DTL_NAME failed

Actual Value:    SAMUEL ADDAMS

Expected Value:  DONNA BROWN</failure>
    </testcase>
    <testcase classname="Unit Test.CWXTCOB_Scenario.00001: CWXTCOBCase1.CWXTCOB_RPTFILE_FILE_01.00021: RPTFILE assertion" name="00003: Check for FILLER1"/>
    <testcase classname="Unit Test.CWXTCOB_Scenario.00001: CWXTCOBCase1.CWXTCOB_RPTFILE_FILE_01.00021: RPTFILE assertion" name="00004: Check for EMP_DTL_REGION"/>
    <testcase classname="Unit Test.CWXTCOB_Scenario.00001: CWXTCOBCase1.CWXTCOB_RPTFILE_FILE_01.00021: RPTFILE assertion" name="00005: Check for FILLER2"/>
    <testcase classname="Unit Test.CWXTCOB_Scenario.00001: CWXTCOBCase1.CWXTCOB_RPTFILE_FILE_01.00021: RPTFILE assertion" name="00006: Check for EMP_DTL_TYPE">
      <failure>Check for EMP_DTL_TYPE failed

Actual Value:    H

Expected Value:  S</failure>
    </testcase>
    <testcase classname="Unit Test.CWXTCOB_Scenario.00001: CWXTCOBCase1.CWXTCOB_RPTFILE_FILE_01.00021: RPTFILE assertion" name="00007: Check for FILLER3"/>
    <testcase classname="Unit Test.CWXTCOB_Scenario.00001: CWXTCOBCase1.CWXTCOB_RPTFILE_FILE_01.00021: RPTFILE assertion" name="00008: Check for EMP_DTL_HIRE_MM">
      <failure>Check for EMP_DTL_HIRE_MM failed

Actual Value:    9

Expected Value:  11</failure>
    </testcase>
    <testcase classname="Unit Test.CWXTCOB_Scenario.00001: CWXTCOBCase1.CWXTCOB_RPTFILE_FILE_01.00021: RPTFILE assertion" name="00009: Check for EMP_DTL_SLASH1"/>
    <testcase classname="Unit Test.CWXTCOB_Scenario.00001: CWXTCOBCase1.CWXTCOB_RPTFILE_FILE_01.00021: RPTFILE assertion" name="00010: Check for EMP_DTL_HIRE_DD">
      <failure>Check for EMP_DTL_HIRE_DD failed

Actual Value:    13

Expected Value:  11</failure>
    </testcase>
    <testcase classname="Unit Test.CWXTCOB_Scenario.00001: CWXTCOBCase1.CWXTCOB_RPTFILE_FILE_01.00021: RPTFILE assertion" name="00011: Check for EMP_DTL_SLASH2"/>
    <testcase classname="Unit Test.CWXTCOB_Scenario.00001: CWXTCOBCase1.CWXTCOB_RPTFILE_FILE_01.00021: RPTFILE assertion" name="00012: Check for EMP_DTL_HIRE_YY">
      <failure>Check for EMP_DTL_HIRE_YY failed

Actual Value:    91

Expected Value:  81</failure>
    </testcase>
    <testcase classname="Unit Test.CWXTCOB_Scenario.00001: CWXTCOBCase1.CWXTCOB_RPTFILE_FILE_01.00021: RPTFILE assertion" name="00013: Check for FILLER4"/>
    <testcase classname="Unit Test.CWXTCOB_Scenario.00001: CWXTCOBCase1.CWXTCOB_RPTFILE_FILE_01.00021: RPTFILE assertion" name="00014: Check for EMP_DTL_YRS_OF_SERVICE">
      <failure>Check for EMP_DTL_YRS_OF_SERVICE failed

Actual Value:    29

Expected Value:  39</failure>
    </testcase>
    <testcase classname="Unit Test.CWXTCOB_Scenario.00001: CWXTCOBCase1.CWXTCOB_RPTFILE_FILE_01.00021: RPTFILE assertion" name="00015: Check for FILLER5"/>
    <testcase classname="Unit Test.CWXTCOB_Scenario.00001: CWXTCOBCase1.CWXTCOB_RPTFILE_FILE_01.00021: RPTFILE assertion" name="00016: Check for EMP_DTL_WAGES">
      <failure>Check for EMP_DTL_WAGES failed

Actual Value:    1100.00

Expected Value:  1000.00</failure>
    </testcase>
    <testcase classname="Unit Test.CWXTCOB_Scenario.00001: CWXTCOBCase1.CWXTCOB_RPTFILE_FILE_01.00021: RPTFILE assertion" name="00017: Check for FILLER6"/>
    <testcase classname="Unit Test.CWXTCOB_Scenario.00001: CWXTCOBCase1.CWXTCOB_RPTFILE_FILE_01.00021: RPTFILE assertion" name="00018: Check for EMP_DTL_OT">
      <failure>Check for EMP_DTL_OT failed

Actual Value:    82.50

Expected Value:  0.00</failure>
    </testcase>
    <testcase classname="Unit Test.CWXTCOB_Scenario.00001: CWXTCOBCase1.CWXTCOB_RPTFILE_FILE_01.00021: RPTFILE assertion" name="00019: Check for FILLER7"/>
    <testcase classname="Unit Test.CWXTCOB_Scenario.00001: CWXTCOBCase1.CWXTCOB_RPTFILE_FILE_01.00021: RPTFILE assertion" name="00020: Check for EMP_DTL_COMM">
      <failure>Check for EMP_DTL_COMM failed

Actual Value:    0.00

Expected Value:  3333.00</failure>
    </testcase>
    <testcase classname="Unit Test.CWXTCOB_Scenario.00001: CWXTCOBCase1.CWXTCOB_RPTFILE_FILE_01.00021: RPTFILE assertion" name="00021: Check for FILLER8"/>
    <testcase classname="Unit Test.CWXTCOB_Scenario.00001: CWXTCOBCase1.CWXTCOB_RPTFILE_FILE_01.00021: RPTFILE assertion" name="00022: Check for EMP_DTL_TOTAL">
      <failure>Check for EMP_DTL_TOTAL failed

Actual Value:    1182.50

Expected Value:  4333.00</failure>
    </testcase>
  </testsuite>
  <testsuite errors="0" failures="96" name="Unit Test.CWXTCOB_Scenario.00001: CWXTCOBCase1.CWXTCOB_RPTFILE_FILE_01.00022: RPTFILE assertion" tests="22">
    <testcase classname="Unit Test.CWXTCOB_Scenario.00001: CWXTCOBCase1.CWXTCOB_RPTFILE_FILE_01.00022: RPTFILE assertion" name="00001: Check for FILLER0"/>
    <testcase classname="Unit Test.CWXTCOB_Scenario.00001: CWXTCOBCase1.CWXTCOB_RPTFILE_FILE_01.00022: RPTFILE assertion" name="00002: Check for EMP_DTL_NAME">
      <failure>Check for EMP_DTL_NAME failed

Actual Value:    MARK JOHNSON

Expected Value:  SAMUEL ADDAMS</failure>
    </testcase>
    <testcase classname="Unit Test.CWXTCOB_Scenario.00001: CWXTCOBCase1.CWXTCOB_RPTFILE_FILE_01.00022: RPTFILE assertion" name="00003: Check for FILLER1"/>
    <testcase classname="Unit Test.CWXTCOB_Scenario.00001: CWXTCOBCase1.CWXTCOB_RPTFILE_FILE_01.00022: RPTFILE assertion" name="00004: Check for EMP_DTL_REGION"/>
    <testcase classname="Unit Test.CWXTCOB_Scenario.00001: CWXTCOBCase1.CWXTCOB_RPTFILE_FILE_01.00022: RPTFILE assertion" name="00005: Check for FILLER2"/>
    <testcase classname="Unit Test.CWXTCOB_Scenario.00001: CWXTCOBCase1.CWXTCOB_RPTFILE_FILE_01.00022: RPTFILE assertion" name="00006: Check for EMP_DTL_TYPE">
      <failure>Check for EMP_DTL_TYPE failed

Actual Value:    S

Expected Value:  H</failure>
    </testcase>
    <testcase classname="Unit Test.CWXTCOB_Scenario.00001: CWXTCOBCase1.CWXTCOB_RPTFILE_FILE_01.00022: RPTFILE assertion" name="00007: Check for FILLER3"/>
    <testcase classname="Unit Test.CWXTCOB_Scenario.00001: CWXTCOBCase1.CWXTCOB_RPTFILE_FILE_01.00022: RPTFILE assertion" name="00008: Check for EMP_DTL_HIRE_MM">
      <failure>Check for EMP_DTL_HIRE_MM failed

Actual Value:    2

Expected Value:  1</failure>
    </testcase>
    <testcase classname="Unit Test.CWXTCOB_Scenario.00001: CWXTCOBCase1.CWXTCOB_RPTFILE_FILE_01.00022: RPTFILE assertion" name="00009: Check for EMP_DTL_SLASH1"/>
    <testcase classname="Unit Test.CWXTCOB_Scenario.00001: CWXTCOBCase1.CWXTCOB_RPTFILE_FILE_01.00022: RPTFILE assertion" name="00010: Check for EMP_DTL_HIRE_DD">
      <failure>Check for EMP_DTL_HIRE_DD failed

Actual Value:    29

Expected Value:  2</failure>
    </testcase>
    <testcase classname="Unit Test.CWXTCOB_Scenario.00001: CWXTCOBCase1.CWXTCOB_RPTFILE_FILE_01.00022: RPTFILE assertion" name="00011: Check for EMP_DTL_SLASH2"/>
    <testcase classname="Unit Test.CWXTCOB_Scenario.00001: CWXTCOBCase1.CWXTCOB_RPTFILE_FILE_01.00022: RPTFILE assertion" name="00012: Check for EMP_DTL_HIRE_YY">
      <failure>Check for EMP_DTL_HIRE_YY failed

Actual Value:    88

Expected Value:  86</failure>
    </testcase>
    <testcase classname="Unit Test.CWXTCOB_Scenario.00001: CWXTCOBCase1.CWXTCOB_RPTFILE_FILE_01.00022: RPTFILE assertion" name="00013: Check for FILLER4"/>
    <testcase classname="Unit Test.CWXTCOB_Scenario.00001: CWXTCOBCase1.CWXTCOB_RPTFILE_FILE_01.00022: RPTFILE assertion" name="00014: Check for EMP_DTL_YRS_OF_SERVICE">
      <failure>Check for EMP_DTL_YRS_OF_SERVICE failed

Actual Value:    33

Expected Value:  35</failure>
    </testcase>
    <testcase classname="Unit Test.CWXTCOB_Scenario.00001: CWXTCOBCase1.CWXTCOB_RPTFILE_FILE_01.00022: RPTFILE assertion" name="00015: Check for FILLER5"/>
    <testcase classname="Unit Test.CWXTCOB_Scenario.00001: CWXTCOBCase1.CWXTCOB_RPTFILE_FILE_01.00022: RPTFILE assertion" name="00016: Check for EMP_DTL_WAGES">
      <failure>Check for EMP_DTL_WAGES failed

Actual Value:    750.00

Expected Value:  1100.00</failure>
    </testcase>
    <testcase classname="Unit Test.CWXTCOB_Scenario.00001: CWXTCOBCase1.CWXTCOB_RPTFILE_FILE_01.00022: RPTFILE assertion" name="00017: Check for FILLER6"/>
    <testcase classname="Unit Test.CWXTCOB_Scenario.00001: CWXTCOBCase1.CWXTCOB_RPTFILE_FILE_01.00022: RPTFILE assertion" name="00018: Check for EMP_DTL_OT">
      <failure>Check for EMP_DTL_OT failed

Actual Value:    0.00

Expected Value:  82.50</failure>
    </testcase>
    <testcase classname="Unit Test.CWXTCOB_Scenario.00001: CWXTCOBCase1.CWXTCOB_RPTFILE_FILE_01.00022: RPTFILE assertion" name="00019: Check for FILLER7"/>
    <testcase classname="Unit Test.CWXTCOB_Scenario.00001: CWXTCOBCase1.CWXTCOB_RPTFILE_FILE_01.00022: RPTFILE assertion" name="00020: Check for EMP_DTL_COMM">
      <failure>Check for EMP_DTL_COMM failed

Actual Value:    6000.00

Expected Value:  0.00</failure>
    </testcase>
    <testcase classname="Unit Test.CWXTCOB_Scenario.00001: CWXTCOBCase1.CWXTCOB_RPTFILE_FILE_01.00022: RPTFILE assertion" name="00021: Check for FILLER8"/>
    <testcase classname="Unit Test.CWXTCOB_Scenario.00001: CWXTCOBCase1.CWXTCOB_RPTFILE_FILE_01.00022: RPTFILE assertion" name="00022: Check for EMP_DTL_TOTAL">
      <failure>Check for EMP_DTL_TOTAL failed

Actual Value:    6750.00

Expected Value:  1182.50</failure>
    </testcase>
  </testsuite>
  <testsuite errors="0" failures="109" name="Unit Test.CWXTCOB_Scenario.00001: CWXTCOBCase1.CWXTCOB_RPTFILE_FILE_01.00023: RPTFILE assertion" tests="22">
    <testcase classname="Unit Test.CWXTCOB_Scenario.00001: CWXTCOBCase1.CWXTCOB_RPTFILE_FILE_01.00023: RPTFILE assertion" name="00001: Check for FILLER0"/>
    <testcase classname="Unit Test.CWXTCOB_Scenario.00001: CWXTCOBCase1.CWXTCOB_RPTFILE_FILE_01.00023: RPTFILE assertion" name="00002: Check for EMP_DTL_NAME">
      <failure>Check for EMP_DTL_NAME failed

Actual Value:    

Expected Value:  MARK JOHNSON</failure>
    </testcase>
    <testcase classname="Unit Test.CWXTCOB_Scenario.00001: CWXTCOBCase1.CWXTCOB_RPTFILE_FILE_01.00023: RPTFILE assertion" name="00003: Check for FILLER1"/>
    <testcase classname="Unit Test.CWXTCOB_Scenario.00001: CWXTCOBCase1.CWXTCOB_RPTFILE_FILE_01.00023: RPTFILE assertion" name="00004: Check for EMP_DTL_REGION">
      <failure>Check for EMP_DTL_REGION failed

Actual Value:    

Expected Value:  WEST</failure>
    </testcase>
    <testcase classname="Unit Test.CWXTCOB_Scenario.00001: CWXTCOBCase1.CWXTCOB_RPTFILE_FILE_01.00023: RPTFILE assertion" name="00005: Check for FILLER2"/>
    <testcase classname="Unit Test.CWXTCOB_Scenario.00001: CWXTCOBCase1.CWXTCOB_RPTFILE_FILE_01.00023: RPTFILE assertion" name="00006: Check for EMP_DTL_TYPE">
      <failure>Check for EMP_DTL_TYPE failed

Actual Value:    

Expected Value:  S</failure>
    </testcase>
    <testcase classname="Unit Test.CWXTCOB_Scenario.00001: CWXTCOBCase1.CWXTCOB_RPTFILE_FILE_01.00023: RPTFILE assertion" name="00007: Check for FILLER3"/>
    <testcase classname="Unit Test.CWXTCOB_Scenario.00001: CWXTCOBCase1.CWXTCOB_RPTFILE_FILE_01.00023: RPTFILE assertion" name="00008: Check for EMP_DTL_HIRE_MM">
      <failure>Check for EMP_DTL_HIRE_MM failed

Actual Value:    X'4040'

Expected Value:  9</failure>
    </testcase>
    <testcase classname="Unit Test.CWXTCOB_Scenario.00001: CWXTCOBCase1.CWXTCOB_RPTFILE_FILE_01.00023: RPTFILE assertion" name="00009: Check for EMP_DTL_SLASH1">
      <failure>Check for EMP_DTL_SLASH1 failed

Actual Value:    

Expected Value:  /</failure>
    </testcase>
    <testcase classname="Unit Test.CWXTCOB_Scenario.00001: CWXTCOBCase1.CWXTCOB_RPTFILE_FILE_01.00023: RPTFILE assertion" name="00010: Check for EMP_DTL_HIRE_DD">
      <failure>Check for EMP_DTL_HIRE_DD failed

Actual Value:    X'4040'

Expected Value:  30</failure>
    </testcase>
    <testcase classname="Unit Test.CWXTCOB_Scenario.00001: CWXTCOBCase1.CWXTCOB_RPTFILE_FILE_01.00023: RPTFILE assertion" name="00011: Check for EMP_DTL_SLASH2">
      <failure>Check for EMP_DTL_SLASH2 failed

Actual Value:    

Expected Value:  /</failure>
    </testcase>
    <testcase classname="Unit Test.CWXTCOB_Scenario.00001: CWXTCOBCase1.CWXTCOB_RPTFILE_FILE_01.00023: RPTFILE assertion" name="00012: Check for EMP_DTL_HIRE_YY">
      <failure>Check for EMP_DTL_HIRE_YY failed

Actual Value:    X'4040'

Expected Value:  82</failure>
    </testcase>
    <testcase classname="Unit Test.CWXTCOB_Scenario.00001: CWXTCOBCase1.CWXTCOB_RPTFILE_FILE_01.00023: RPTFILE assertion" name="00013: Check for FILLER4"/>
    <testcase classname="Unit Test.CWXTCOB_Scenario.00001: CWXTCOBCase1.CWXTCOB_RPTFILE_FILE_01.00023: RPTFILE assertion" name="00014: Check for EMP_DTL_YRS_OF_SERVICE">
      <failure>Check for EMP_DTL_YRS_OF_SERVICE failed

Actual Value:    X'4040'

Expected Value:  38</failure>
    </testcase>
    <testcase classname="Unit Test.CWXTCOB_Scenario.00001: CWXTCOBCase1.CWXTCOB_RPTFILE_FILE_01.00023: RPTFILE assertion" name="00015: Check for FILLER5"/>
    <testcase classname="Unit Test.CWXTCOB_Scenario.00001: CWXTCOBCase1.CWXTCOB_RPTFILE_FILE_01.00023: RPTFILE assertion" name="00016: Check for EMP_DTL_WAGES">
      <failure>Check for EMP_DTL_WAGES failed

Actual Value:    0

Expected Value:  750.00</failure>
    </testcase>
    <testcase classname="Unit Test.CWXTCOB_Scenario.00001: CWXTCOBCase1.CWXTCOB_RPTFILE_FILE_01.00023: RPTFILE assertion" name="00017: Check for FILLER6"/>
    <testcase classname="Unit Test.CWXTCOB_Scenario.00001: CWXTCOBCase1.CWXTCOB_RPTFILE_FILE_01.00023: RPTFILE assertion" name="00018: Check for EMP_DTL_OT">
      <failure>Check for EMP_DTL_OT failed

Actual Value:    X'4040404040404040'

Expected Value:  X'40404040F04BF0F0'</failure>
    </testcase>
    <testcase classname="Unit Test.CWXTCOB_Scenario.00001: CWXTCOBCase1.CWXTCOB_RPTFILE_FILE_01.00023: RPTFILE assertion" name="00019: Check for FILLER7"/>
    <testcase classname="Unit Test.CWXTCOB_Scenario.00001: CWXTCOBCase1.CWXTCOB_RPTFILE_FILE_01.00023: RPTFILE assertion" name="00020: Check for EMP_DTL_COMM">
      <failure>Check for EMP_DTL_COMM failed

Actual Value:    0

Expected Value:  6000.00</failure>
    </testcase>
    <testcase classname="Unit Test.CWXTCOB_Scenario.00001: CWXTCOBCase1.CWXTCOB_RPTFILE_FILE_01.00023: RPTFILE assertion" name="00021: Check for FILLER8"/>
    <testcase classname="Unit Test.CWXTCOB_Scenario.00001: CWXTCOBCase1.CWXTCOB_RPTFILE_FILE_01.00023: RPTFILE assertion" name="00022: Check for EMP_DTL_TOTAL">
      <failure>Check for EMP_DTL_TOTAL failed

Actual Value:    0

Expected Value:  6750.00</failure>
    </testcase>
  </testsuite>
  <testsuite errors="0" failures="110" name="Unit Test.CWXTCOB_Scenario.00001: CWXTCOBCase1.CWXTCOB_RPTFILE_FILE_01.00024: RPTFILE assertion" tests="1">
    <testcase classname="Unit Test.CWXTCOB_Scenario.00001: CWXTCOBCase1.CWXTCOB_RPTFILE_FILE_01.00024: RPTFILE assertion" name="00001: Check for BLANK_LINE">
      <failure>Check for BLANK_LINE failed

Actual Value:        TOTAL                                                               45366.00

Expected Value:  </failure>
    </testcase>
  </testsuite>
  <testsuite errors="1" failures="110" name="Unit Test.CWXTCOB_Scenario.00001: CWXTCOBCase1.CWXTCOB_RPTFILE_FILE_01.00025: CWXTCOB_RPTFILE_FILE_01.RPTFILE assertion" tests="1">
    <testcase classname="Unit Test.CWXTCOB_Scenario.00001: CWXTCOBCase1.CWXTCOB_RPTFILE_FILE_01.00025: CWXTCOB_RPTFILE_FILE_01.RPTFILE assertion" name="00001: Stub record incomplete">
      <error>Stub record has no output or output is empty.</error>
    </testcase>
  </testsuite>
</testsuites>